[0.015s] Invoking command in '/home/naka-lab/action_ws/build/action_tutorials_cpp': CMAKE_PREFIX_PATH=/home/naka-lab/action_ws/install/action_tutorials_interfaces:/home/naka-lab/action_ws/install/cpp_pubsub:/home/naka-lab/action_ws/install/action_tutorials_cpp:/home/naka-lab/turtlebot3_ws/install/turtlebot3_simulations:/home/naka-lab/turtlebot3_ws/install/turtlebot3_gazebo:/home/naka-lab/turtlebot3_ws/install/turtlebot3_fake_node:/opt/ros/foxy /usr/bin/cmake --build /home/naka-lab/action_ws/build/action_tutorials_cpp -- -j12 -l12
[0.056s] [35m[1mScanning dependencies of target nav2_send_goal[0m
[0.084s] [ 50%] [32mBuilding CXX object CMakeFiles/nav2_send_goal.dir/src/nav2_action_client.cpp.o[0m
[1.357s] [01m[K/home/naka-lab/action_ws/src/action_tutorials_cpp/src/nav2_action_client.cpp:133:1:[m[K [01;31m[Kerror: [m[Kexpected â€˜[01m[K}[m[Kâ€™ at end of input
[1.357s]   133 | [01;31m[K}[m[K
[1.357s]       | [01;31m[K^[m[K
[1.357s] [01m[K/home/naka-lab/action_ws/src/action_tutorials_cpp/src/nav2_action_client.cpp:21:1:[m[K [01;36m[Knote: [m[Kto match this â€˜[01m[K{[m[Kâ€™
[1.357s]    21 | [01;36m[K{[m[K
[1.357s]       | [01;36m[K^[m[K
[1.361s] [01m[K/home/naka-lab/action_ws/src/action_tutorials_cpp/src/nav2_action_client.cpp:[m[K In constructor â€˜[01m[KNav2Client::Nav2Client()[m[Kâ€™:
[1.361s] [01m[K/home/naka-lab/action_ws/src/action_tutorials_cpp/src/nav2_action_client.cpp:35:5:[m[K [01;31m[Kerror: [m[Kâ€˜[01m[KmPoseSub[m[Kâ€™ was not declared in this scope
[1.361s]    35 |     [01;31m[KmPoseSub[m[K = create_subscription<geometry_msgs::msg::PoseStamped>(
[1.361s]       |     [01;31m[K^~~~~~~~[m[K
[1.361s] [01m[K/home/naka-lab/action_ws/src/action_tutorials_cpp/src/nav2_action_client.cpp:37:28:[m[K [01;31m[Kerror: [m[Kâ€˜[01m[KMinimalPoseOdomSubscriber[m[Kâ€™ has not been declared
[1.361s]    37 |                 std::bind(&[01;31m[KMinimalPoseOdomSubscriber[m[K::poseCallback, this, _1) );
[1.361s]       |                            [01;31m[K^~~~~~~~~~~~~~~~~~~~~~~~~[m[K
[1.366s] [01m[K/home/naka-lab/action_ws/src/action_tutorials_cpp/src/nav2_action_client.cpp:[m[K In member function â€˜[01m[Kvoid Nav2Client::poseCallback(geometry_msgs::msg::PoseStamped_<std::allocator<void> >::SharedPtr)[m[Kâ€™:
[1.366s] [01m[K/home/naka-lab/action_ws/src/action_tutorials_cpp/src/nav2_action_client.cpp:68:5:[m[K [01;31m[Kerror: [m[Kâ€˜[01m[KsendGoal[m[Kâ€™ was not declared in this scope
[1.367s]    68 |     [01;31m[KsendGoal[m[K();
[1.367s]       |     [01;31m[K^~~~~~~~[m[K
[1.379s] [01m[K/home/naka-lab/action_ws/src/action_tutorials_cpp/src/nav2_action_client.cpp:72:23:[m[K [01;31m[Kerror: [m[Ka function-definition is not allowed here before â€˜[01m[K{[m[Kâ€™ token
[1.380s]    72 |   void sendGoal(void) [01;31m[K{[m[K
[1.380s]       |                       [01;31m[K^[m[K
[1.380s] [01m[K/home/naka-lab/action_ws/src/action_tutorials_cpp/src/nav2_action_client.cpp:102:3:[m[K [01;31m[Kerror: [m[Ka function-definition is not allowed here before â€˜[01m[K{[m[Kâ€™ token
[1.380s]   102 |   [01;31m[K{[m[K
[1.380s]       |   [01;31m[K^[m[K
[1.380s] [01m[K/home/naka-lab/action_ws/src/action_tutorials_cpp/src/nav2_action_client.cpp:107:3:[m[K [01;31m[Kerror: [m[Ka function-definition is not allowed here before â€˜[01m[K{[m[Kâ€™ token
[1.380s]   107 |   [01;31m[K{[m[K
[1.380s]       |   [01;31m[K^[m[K
[1.380s] [01m[K/home/naka-lab/action_ws/src/action_tutorials_cpp/src/nav2_action_client.cpp:126:1:[m[K [01;31m[Kerror: [m[Ka function-definition is not allowed here before â€˜[01m[K{[m[Kâ€™ token
[1.380s]   126 | [01;31m[K{[m[K
[1.380s]       | [01;31m[K^[m[K
[1.380s] [01m[K/home/naka-lab/action_ws/src/action_tutorials_cpp/src/nav2_action_client.cpp:133:1:[m[K [01;31m[Kerror: [m[Kexpected â€˜[01m[K}[m[Kâ€™ at end of input
[1.380s]   133 | [01;31m[K}[m[K
[1.380s]       | [01;31m[K^[m[K
[1.380s] [01m[K/home/naka-lab/action_ws/src/action_tutorials_cpp/src/nav2_action_client.cpp:43:75:[m[K [01;36m[Knote: [m[Kto match this â€˜[01m[K{[m[Kâ€™
[1.380s]    43 |   void poseCallback(const geometry_msgs::msg::PoseStamped::SharedPtr msg) [01;36m[K{[m[K
[1.380s]       |                                                                           [01;36m[K^[m[K
[1.380s] [01m[K/home/naka-lab/action_ws/src/action_tutorials_cpp/src/nav2_action_client.cpp:[m[K At global scope:
[1.380s] [01m[K/home/naka-lab/action_ws/src/action_tutorials_cpp/src/nav2_action_client.cpp:133:1:[m[K [01;31m[Kerror: [m[Kexpected unqualified-id at end of input
[1.381s]   133 | [01;31m[K}[m[K
[1.381s]       | [01;31m[K^[m[K
[1.860s] make[2]: *** [CMakeFiles/nav2_send_goal.dir/build.make:63: CMakeFiles/nav2_send_goal.dir/src/nav2_action_client.cpp.o] Error 1
[1.860s] make[1]: *** [CMakeFiles/Makefile2:78: CMakeFiles/nav2_send_goal.dir/all] Error 2
[1.860s] make: *** [Makefile:141: all] Error 2
[1.862s] Invoked command in '/home/naka-lab/action_ws/build/action_tutorials_cpp' returned '2': CMAKE_PREFIX_PATH=/home/naka-lab/action_ws/install/action_tutorials_interfaces:/home/naka-lab/action_ws/install/cpp_pubsub:/home/naka-lab/action_ws/install/action_tutorials_cpp:/home/naka-lab/turtlebot3_ws/install/turtlebot3_simulations:/home/naka-lab/turtlebot3_ws/install/turtlebot3_gazebo:/home/naka-lab/turtlebot3_ws/install/turtlebot3_fake_node:/opt/ros/foxy /usr/bin/cmake --build /home/naka-lab/action_ws/build/action_tutorials_cpp -- -j12 -l12
