[01m[K/home/naka-lab/action_ws/src/action_tutorials_cpp/src/nav2_action_client_waypoint.cpp:[m[K In member function â€˜[01m[Kvoid Nav2Client::waypoints()[m[Kâ€™:
[01m[K/home/naka-lab/action_ws/src/action_tutorials_cpp/src/nav2_action_client_waypoint.cpp:69:39:[m[K [01;31m[Kerror: [m[Kâ€˜[01m[KcreateQuaternionFromRPY[m[Kâ€™ is not a member of â€˜[01m[Ktf2[m[Kâ€™
   69 |     tf2::Quaternion quaternion = tf2::[01;31m[KcreateQuaternionFromRPY[m[K(0,0,rz);
      |                                       [01;31m[K^~~~~~~~~~~~~~~~~~~~~~~[m[K
make[2]: *** [CMakeFiles/nav2_send_waypoint.dir/build.make:63: CMakeFiles/nav2_send_waypoint.dir/src/nav2_action_client_waypoint.cpp.o] Error 1
make[1]: *** [CMakeFiles/Makefile2:80: CMakeFiles/nav2_send_waypoint.dir/all] Error 2
make: *** [Makefile:141: all] Error 2
