[0.026s] Invoking command in '/home/naka-lab/action_ws/build/action_tutorials_cpp': AMENT_PREFIX_PATH=/home/naka-lab/action_ws/install/action_tutorials_interfaces:${AMENT_PREFIX_PATH} CMAKE_PREFIX_PATH=/home/naka-lab/action_ws/install/action_tutorials_interfaces:/home/naka-lab/turtlebot3_ws/install/turtlebot3_simulations:/home/naka-lab/turtlebot3_ws/install/turtlebot3_gazebo:/home/naka-lab/turtlebot3_ws/install/turtlebot3_fake_node:/opt/ros/foxy LD_LIBRARY_PATH=/home/naka-lab/action_ws/install/action_tutorials_interfaces/lib:${LD_LIBRARY_PATH} PYTHONPATH=/home/naka-lab/action_ws/install/action_tutorials_interfaces/lib/python3.8/site-packages:${PYTHONPATH} /usr/bin/cmake --build /home/naka-lab/action_ws/build/action_tutorials_cpp -- -j12 -l12
[0.122s] [35m[1mScanning dependencies of target nav2_send_waypoint[0m
[0.157s] [ 50%] Built target nav2_send_goal
[0.173s] [ 75%] [32mBuilding CXX object CMakeFiles/nav2_send_waypoint.dir/src/nav2_action_client_waypoint.cpp.o[0m
[2.766s] [01m[K/home/naka-lab/action_ws/src/action_tutorials_cpp/src/nav2_action_client_waypoint.cpp:[m[K In member function â€˜[01m[Kvoid Nav2Client::sendGoal()[m[Kâ€™:
[2.766s] [01m[K/home/naka-lab/action_ws/src/action_tutorials_cpp/src/nav2_action_client_waypoint.cpp:89:56:[m[K [01;31m[Kerror: [m[Kcannot convert â€˜[01m[Ktf2::QuadWord::x[m[Kâ€™ from type â€˜[01m[Kconst tf2Scalar& (tf2::QuadWord::)() const[m[Kâ€™ {aka â€˜[01m[Kconst double& (tf2::QuadWord::)() const[m[Kâ€™} to type â€˜[01m[Kgeometry_msgs::msg::Quaternion_<std::allocator<void> >::_x_type[m[Kâ€™ {aka â€˜[01m[Kdouble[m[Kâ€™}
[2.766s]    89 |        goal_msg.pose.pose.orientation.x = myQuaternion.[01;31m[Kx[m[K;
[2.766s]       |                                                        [01;31m[K^[m[K
[2.766s] [01m[K/home/naka-lab/action_ws/src/action_tutorials_cpp/src/nav2_action_client_waypoint.cpp:90:56:[m[K [01;31m[Kerror: [m[Kcannot convert â€˜[01m[Ktf2::QuadWord::y[m[Kâ€™ from type â€˜[01m[Kconst tf2Scalar& (tf2::QuadWord::)() const[m[Kâ€™ {aka â€˜[01m[Kconst double& (tf2::QuadWord::)() const[m[Kâ€™} to type â€˜[01m[Kgeometry_msgs::msg::Quaternion_<std::allocator<void> >::_y_type[m[Kâ€™ {aka â€˜[01m[Kdouble[m[Kâ€™}
[2.766s]    90 |        goal_msg.pose.pose.orientation.y = myQuaternion.[01;31m[Ky[m[K;
[2.767s]       |                                                        [01;31m[K^[m[K
[2.767s] [01m[K/home/naka-lab/action_ws/src/action_tutorials_cpp/src/nav2_action_client_waypoint.cpp:91:56:[m[K [01;31m[Kerror: [m[Kcannot convert â€˜[01m[Ktf2::QuadWord::z[m[Kâ€™ from type â€˜[01m[Kconst tf2Scalar& (tf2::QuadWord::)() const[m[Kâ€™ {aka â€˜[01m[Kconst double& (tf2::QuadWord::)() const[m[Kâ€™} to type â€˜[01m[Kgeometry_msgs::msg::Quaternion_<std::allocator<void> >::_z_type[m[Kâ€™ {aka â€˜[01m[Kdouble[m[Kâ€™}
[2.767s]    91 |        goal_msg.pose.pose.orientation.z = myQuaternion.[01;31m[Kz[m[K;
[2.768s]       |                                                        [01;31m[K^[m[K
[2.769s] [01m[K/home/naka-lab/action_ws/src/action_tutorials_cpp/src/nav2_action_client_waypoint.cpp:92:56:[m[K [01;31m[Kerror: [m[Kcannot convert â€˜[01m[Ktf2::QuadWord::w[m[Kâ€™ from type â€˜[01m[Kconst tf2Scalar& (tf2::QuadWord::)() const[m[Kâ€™ {aka â€˜[01m[Kconst double& (tf2::QuadWord::)() const[m[Kâ€™} to type â€˜[01m[Kgeometry_msgs::msg::Quaternion_<std::allocator<void> >::_w_type[m[Kâ€™ {aka â€˜[01m[Kdouble[m[Kâ€™}
[2.769s]    92 |        goal_msg.pose.pose.orientation.w = myQuaternion.[01;31m[Kw[m[K;
[2.770s]       |                                                        [01;31m[K^[m[K
[4.517s] make[2]: *** [CMakeFiles/nav2_send_waypoint.dir/build.make:63: CMakeFiles/nav2_send_waypoint.dir/src/nav2_action_client_waypoint.cpp.o] Error 1
[4.518s] make[1]: *** [CMakeFiles/Makefile2:80: CMakeFiles/nav2_send_waypoint.dir/all] Error 2
[4.518s] make: *** [Makefile:141: all] Error 2
[4.520s] Invoked command in '/home/naka-lab/action_ws/build/action_tutorials_cpp' returned '2': AMENT_PREFIX_PATH=/home/naka-lab/action_ws/install/action_tutorials_interfaces:${AMENT_PREFIX_PATH} CMAKE_PREFIX_PATH=/home/naka-lab/action_ws/install/action_tutorials_interfaces:/home/naka-lab/turtlebot3_ws/install/turtlebot3_simulations:/home/naka-lab/turtlebot3_ws/install/turtlebot3_gazebo:/home/naka-lab/turtlebot3_ws/install/turtlebot3_fake_node:/opt/ros/foxy LD_LIBRARY_PATH=/home/naka-lab/action_ws/install/action_tutorials_interfaces/lib:${LD_LIBRARY_PATH} PYTHONPATH=/home/naka-lab/action_ws/install/action_tutorials_interfaces/lib/python3.8/site-packages:${PYTHONPATH} /usr/bin/cmake --build /home/naka-lab/action_ws/build/action_tutorials_cpp -- -j12 -l12
