[0.014s] Invoking command in '/home/naka-lab/action_ws/build/action_tutorials_cpp': CMAKE_PREFIX_PATH=/home/naka-lab/action_ws/install/action_tutorials_interfaces:/home/naka-lab/action_ws/install/cpp_pubsub:/home/naka-lab/action_ws/install/action_tutorials_cpp:/home/naka-lab/turtlebot3_ws/install/turtlebot3_simulations:/home/naka-lab/turtlebot3_ws/install/turtlebot3_gazebo:/home/naka-lab/turtlebot3_ws/install/turtlebot3_fake_node:/opt/ros/foxy /usr/bin/cmake --build /home/naka-lab/action_ws/build/action_tutorials_cpp -- -j12 -l12
[0.054s] [35m[1mScanning dependencies of target nav2_send_goal[0m
[0.054s] [35m[1mScanning dependencies of target listener[0m
[0.061s] make[2]: *** No rule to make target '/home/naka-lab/action_ws/src/action_tutorials_cpp/src/subscriber_member_function.cpp', needed by 'CMakeFiles/listener.dir/src/subscriber_member_function.cpp.o'.  Stop.
[0.061s] make[1]: *** [CMakeFiles/Makefile2:107: CMakeFiles/listener.dir/all] Error 2
[0.061s] make[1]: *** Waiting for unfinished jobs....
[0.083s] [ 25%] [32mBuilding CXX object CMakeFiles/nav2_send_goal.dir/src/nav2_action_client.cpp.o[0m
[3.075s] [ 50%] [32m[1mLinking CXX executable nav2_send_goal[0m
[3.234s] /usr/bin/ld: CMakeFiles/nav2_send_goal.dir/src/nav2_action_client.cpp.o: in function `Nav2Client::sendGoal()':
[3.234s] nav2_action_client.cpp:(.text._ZN10Nav2Client8sendGoalEv[_ZN10Nav2Client8sendGoalEv]+0x27f): undefined reference to `tx'
[3.234s] collect2: error: ld returned 1 exit status
[3.235s] make[2]: *** [CMakeFiles/nav2_send_goal.dir/build.make:158: nav2_send_goal] Error 1
[3.235s] make[1]: *** [CMakeFiles/Makefile2:80: CMakeFiles/nav2_send_goal.dir/all] Error 2
[3.235s] make: *** [Makefile:141: all] Error 2
[3.238s] Invoked command in '/home/naka-lab/action_ws/build/action_tutorials_cpp' returned '2': CMAKE_PREFIX_PATH=/home/naka-lab/action_ws/install/action_tutorials_interfaces:/home/naka-lab/action_ws/install/cpp_pubsub:/home/naka-lab/action_ws/install/action_tutorials_cpp:/home/naka-lab/turtlebot3_ws/install/turtlebot3_simulations:/home/naka-lab/turtlebot3_ws/install/turtlebot3_gazebo:/home/naka-lab/turtlebot3_ws/install/turtlebot3_fake_node:/opt/ros/foxy /usr/bin/cmake --build /home/naka-lab/action_ws/build/action_tutorials_cpp -- -j12 -l12
