[0.010s] Invoking command in '/home/naka-lab/action_ws/build/action_tutorials_cpp': CMAKE_PREFIX_PATH=/home/naka-lab/action_ws/install/action_tutorials_interfaces:/home/naka-lab/action_ws/install/action_tutorials_cpp:/home/naka-lab/turtlebot3_ws/install/turtlebot3_simulations:/home/naka-lab/turtlebot3_ws/install/turtlebot3_gazebo:/home/naka-lab/turtlebot3_ws/install/turtlebot3_fake_node:/opt/ros/foxy /usr/bin/cmake --build /home/naka-lab/action_ws/build/action_tutorials_cpp -- -j12 -l12
[0.031s] -- Found ament_cmake: 0.9.9 (/opt/ros/foxy/share/ament_cmake/cmake)
[0.049s] -- Using PYTHON_EXECUTABLE: /usr/bin/python3
[0.190s] -- Found action_tutorials_interfaces: 0.0.0 (/home/naka-lab/action_ws/install/action_tutorials_interfaces/share/action_tutorials_interfaces/cmake)
[0.208s] -- Using all available rosidl_typesupport_c: rosidl_typesupport_fastrtps_c;rosidl_typesupport_introspection_c
[0.211s] -- Found rosidl_adapter: 1.2.1 (/opt/ros/foxy/share/rosidl_adapter/cmake)
[0.309s] -- Using all available rosidl_typesupport_cpp: rosidl_typesupport_fastrtps_cpp;rosidl_typesupport_introspection_cpp
[1.013s] -- Found rclcpp: 2.4.1 (/opt/ros/foxy/share/rclcpp/cmake)
[1.043s] -- Found rmw_implementation_cmake: 1.0.3 (/opt/ros/foxy/share/rmw_implementation_cmake/cmake)
[1.044s] -- Using RMW implementation 'rmw_fastrtps_cpp' as default
[1.159s] -- Found rclcpp_action: 2.4.1 (/opt/ros/foxy/share/rclcpp_action/cmake)
[1.185s] -- Found rclcpp_components: 2.4.1 (/opt/ros/foxy/share/rclcpp_components/cmake)
[1.234s] -- Found ament_lint_auto: 0.9.6 (/opt/ros/foxy/share/ament_lint_auto/cmake)
[1.283s] -- Added test 'copyright' to check source files copyright and LICENSE
[1.283s] -- Added test 'cppcheck' to perform static code analysis on C / C++ code
[1.283s] -- Configured cppcheck include dirs: 
[1.283s] -- Configured cppcheck exclude dirs and/or files: 
[1.284s] -- Added test 'cpplint' to check C / C++ code against the Google style
[1.284s] -- Configured cpplint exclude dirs and/or files: 
[1.284s] -- Added test 'lint_cmake' to check CMake code style
[1.285s] -- Added test 'uncrustify' to check C / C++ code style
[1.285s] -- Configured uncrustify additional arguments: 
[1.285s] -- Added test 'xmllint' to check XML markup files
[1.287s] -- Configuring done
[1.296s] -- Generating done
[1.297s] -- Build files have been written to: /home/naka-lab/action_ws/build/action_tutorials_cpp
[1.317s] [35m[1mScanning dependencies of target nav2_send_goal[0m
[1.340s] [ 50%] [32mBuilding CXX object CMakeFiles/nav2_send_goal.dir/src/nav2_action_client.cpp.o[0m
[2.353s] [01m[K/home/naka-lab/action_ws/src/action_tutorials_cpp/src/nav2_action_client.cpp:34:46:[m[K [01;31m[Kerror: [m[Kâ€˜[01m[KPoseStamped[m[Kâ€™ in namespace â€˜[01m[Kgeometry_msgs[m[Kâ€™ does not name a type
[2.353s]    34 |     void topic_callback(const geometry_msgs::[01;31m[KPoseStamped[m[K::SharedPtr msg) const
[2.353s]       |                                              [01;31m[K^~~~~~~~~~~[m[K
[2.353s] [01m[K/home/naka-lab/action_ws/src/action_tutorials_cpp/src/nav2_action_client.cpp:34:69:[m[K [01;31m[Kerror: [m[Kexpected unqualified-id before â€˜[01m[Kmsg[m[Kâ€™
[2.353s]    34 |     void topic_callback(const geometry_msgs::PoseStamped::SharedPtr [01;31m[Kmsg[m[K) const
[2.353s]       |                                                                     [01;31m[K^~~[m[K
[2.353s] [01m[K/home/naka-lab/action_ws/src/action_tutorials_cpp/src/nav2_action_client.cpp:34:68:[m[K [01;31m[Kerror: [m[Kexpected â€˜[01m[K)[m[Kâ€™ before â€˜[01m[Kmsg[m[Kâ€™
[2.353s]    34 |     void topic_callback[34m[K([m[Kconst geometry_msgs::PoseStamped::SharedPtr[01;31m[K [m[K[32m[Kmsg[m[K) const
[2.353s]       |                        [34m[K~[m[K                                           [01;31m[K^[m[K[32m[K~~~[m[K
[2.353s]       |                                                                    [32m[K)[m[K
[2.353s] [01m[K/home/naka-lab/action_ws/src/action_tutorials_cpp/src/nav2_action_client.cpp:34:59:[m[K [01;31m[Kerror: [m[Kexpected â€˜[01m[K;[m[Kâ€™ at end of member declaration
[2.353s]    34 |     void topic_callback(const geometry_msgs::PoseStamped::[01;31m[KSharedPtr[m[K msg) const
[2.353s]       |                                                           [01;31m[K^~~~~~~~~[m[K
[2.353s]       |                                                                    [32m[K;[m[K
[2.353s] [01m[K/home/naka-lab/action_ws/src/action_tutorials_cpp/src/nav2_action_client.cpp:34:69:[m[K [01;31m[Kerror: [m[Kâ€˜[01m[Kmsg[m[Kâ€™ does not name a type
[2.354s]    34 |     void topic_callback(const geometry_msgs::PoseStamped::SharedPtr [01;31m[Kmsg[m[K) const
[2.354s]       |                                                                     [01;31m[K^~~[m[K
[2.354s] [01m[K/home/naka-lab/action_ws/src/action_tutorials_cpp/src/nav2_action_client.cpp:40:41:[m[K [01;31m[Kerror: [m[Kâ€˜[01m[KPoseStamped[m[Kâ€™ is not a member of â€˜[01m[Kgeometry_msgs[m[Kâ€™; did you mean â€˜[01m[Kgeometry_msgs::msg::PoseStamped[m[Kâ€™?
[2.354s]    40 |     rclcpp::Subscription<geometry_msgs::[01;31m[KPoseStamped[m[K>::SharedPtr subscription_;
[2.354s]       |                                         [01;31m[K^~~~~~~~~~~[m[K
[2.354s] In file included from [01m[K/opt/ros/foxy/include/geometry_msgs/msg/pose_stamped.hpp:7[m[K,
[2.354s]                  from [01m[K/home/naka-lab/action_ws/src/action_tutorials_cpp/src/nav2_action_client.cpp:5[m[K:
[2.354s] [01m[K/opt/ros/foxy/include/geometry_msgs/msg/detail/pose_stamped__struct.hpp:134:7:[m[K [01;36m[Knote: [m[Kâ€˜[01m[Kgeometry_msgs::msg::PoseStamped[m[Kâ€™ declared here
[2.354s]   134 | using [01;36m[KPoseStamped[m[K =
[2.354s]       |       [01;36m[K^~~~~~~~~~~[m[K
[2.354s] [01m[K/home/naka-lab/action_ws/src/action_tutorials_cpp/src/nav2_action_client.cpp:40:41:[m[K [01;31m[Kerror: [m[Kâ€˜[01m[KPoseStamped[m[Kâ€™ is not a member of â€˜[01m[Kgeometry_msgs[m[Kâ€™; did you mean â€˜[01m[Kgeometry_msgs::msg::PoseStamped[m[Kâ€™?
[2.354s]    40 |     rclcpp::Subscription<geometry_msgs::[01;31m[KPoseStamped[m[K>::SharedPtr subscription_;
[2.354s]       |                                         [01;31m[K^~~~~~~~~~~[m[K
[2.354s] In file included from [01m[K/opt/ros/foxy/include/geometry_msgs/msg/pose_stamped.hpp:7[m[K,
[2.354s]                  from [01m[K/home/naka-lab/action_ws/src/action_tutorials_cpp/src/nav2_action_client.cpp:5[m[K:
[2.354s] [01m[K/opt/ros/foxy/include/geometry_msgs/msg/detail/pose_stamped__struct.hpp:134:7:[m[K [01;36m[Knote: [m[Kâ€˜[01m[Kgeometry_msgs::msg::PoseStamped[m[Kâ€™ declared here
[2.355s]   134 | using [01;36m[KPoseStamped[m[K =
[2.355s]       |       [01;36m[K^~~~~~~~~~~[m[K
[2.355s] [01m[K/home/naka-lab/action_ws/src/action_tutorials_cpp/src/nav2_action_client.cpp:40:52:[m[K [01;31m[Kerror: [m[Ktemplate argument 1 is invalid
[2.355s]    40 |     rclcpp::Subscription<geometry_msgs::PoseStamped[01;31m[K>[m[K::SharedPtr subscription_;
[2.355s]       |                                                    [01;31m[K^[m[K
[2.355s] [01m[K/home/naka-lab/action_ws/src/action_tutorials_cpp/src/nav2_action_client.cpp:40:52:[m[K [01;31m[Kerror: [m[Ktemplate argument 3 is invalid
[2.355s] [01m[K/home/naka-lab/action_ws/src/action_tutorials_cpp/src/nav2_action_client.cpp:40:55:[m[K [01;31m[Kerror: [m[Kexpected â€˜[01m[K;[m[Kâ€™ at end of member declaration
[2.355s]    40 |     rclcpp::Subscription<geometry_msgs::PoseStamped>::[01;31m[KSharedPtr[m[K subscription_;
[2.355s]       |                                                       [01;31m[K^~~~~~~~~[m[K
[2.355s]       |                                                                [32m[K;[m[K
[2.355s] [01m[K/home/naka-lab/action_ws/src/action_tutorials_cpp/src/nav2_action_client.cpp:40:65:[m[K [01;31m[Kerror: [m[Kâ€˜[01m[Ksubscription_[m[Kâ€™ does not name a type; did you mean â€˜[01m[Krcl_subscription_t[m[Kâ€™?
[2.355s]    40 |     rclcpp::Subscription<geometry_msgs::PoseStamped>::SharedPtr [01;31m[Ksubscription_[m[K;
[2.355s]       |                                                                 [01;31m[K^~~~~~~~~~~~~[m[K
[2.356s]       |                                                                 [32m[Krcl_subscription_t[m[K
[2.358s] [01m[K/home/naka-lab/action_ws/src/action_tutorials_cpp/src/nav2_action_client.cpp:[m[K In constructor â€˜[01m[KNav2Client::Nav2Client()[m[Kâ€™:
[2.358s] [01m[K/home/naka-lab/action_ws/src/action_tutorials_cpp/src/nav2_action_client.cpp:26:5:[m[K [01;31m[Kerror: [m[Kâ€˜[01m[Ksubscription_[m[Kâ€™ was not declared in this scope; did you mean â€˜[01m[Krcl_subscription_t[m[Kâ€™?
[2.358s]    26 |     [01;31m[Ksubscription_[m[K = this->create_subscription<geometry_msgs::PoseStamped>(
[2.358s]       |     [01;31m[K^~~~~~~~~~~~~[m[K
[2.358s]       |     [32m[Krcl_subscription_t[m[K
[2.358s] [01m[K/home/naka-lab/action_ws/src/action_tutorials_cpp/src/nav2_action_client.cpp:26:62:[m[K [01;31m[Kerror: [m[Kâ€˜[01m[KPoseStamped[m[Kâ€™ is not a member of â€˜[01m[Kgeometry_msgs[m[Kâ€™; did you mean â€˜[01m[Kgeometry_msgs::msg::PoseStamped[m[Kâ€™?
[2.358s]    26 |     subscription_ = this->create_subscription<geometry_msgs::[01;31m[KPoseStamped[m[K>(
[2.358s]       |                                                              [01;31m[K^~~~~~~~~~~[m[K
[2.358s] In file included from [01m[K/opt/ros/foxy/include/geometry_msgs/msg/pose_stamped.hpp:7[m[K,
[2.358s]                  from [01m[K/home/naka-lab/action_ws/src/action_tutorials_cpp/src/nav2_action_client.cpp:5[m[K:
[2.358s] [01m[K/opt/ros/foxy/include/geometry_msgs/msg/detail/pose_stamped__struct.hpp:134:7:[m[K [01;36m[Knote: [m[Kâ€˜[01m[Kgeometry_msgs::msg::PoseStamped[m[Kâ€™ declared here
[2.358s]   134 | using [01;36m[KPoseStamped[m[K =
[2.358s]       |       [01;36m[K^~~~~~~~~~~[m[K
[2.358s] [01m[K/home/naka-lab/action_ws/src/action_tutorials_cpp/src/nav2_action_client.cpp:26:62:[m[K [01;31m[Kerror: [m[Kâ€˜[01m[KPoseStamped[m[Kâ€™ is not a member of â€˜[01m[Kgeometry_msgs[m[Kâ€™; did you mean â€˜[01m[Kgeometry_msgs::msg::PoseStamped[m[Kâ€™?
[2.359s]    26 |     subscription_ = this->create_subscription<geometry_msgs::[01;31m[KPoseStamped[m[K>(
[2.359s]       |                                                              [01;31m[K^~~~~~~~~~~[m[K
[2.359s] In file included from [01m[K/opt/ros/foxy/include/geometry_msgs/msg/pose_stamped.hpp:7[m[K,
[2.359s]                  from [01m[K/home/naka-lab/action_ws/src/action_tutorials_cpp/src/nav2_action_client.cpp:5[m[K:
[2.359s] [01m[K/opt/ros/foxy/include/geometry_msgs/msg/detail/pose_stamped__struct.hpp:134:7:[m[K [01;36m[Knote: [m[Kâ€˜[01m[Kgeometry_msgs::msg::PoseStamped[m[Kâ€™ declared here
[2.359s]   134 | using [01;36m[KPoseStamped[m[K =
[2.359s]       |       [01;36m[K^~~~~~~~~~~[m[K
[2.359s] [01m[K/home/naka-lab/action_ws/src/action_tutorials_cpp/src/nav2_action_client.cpp:27:29:[m[K [01;31m[Kerror: [m[Kâ€˜[01m[KMinimalSubscriber[m[Kâ€™ has not been declared
[2.359s]    27 |     "topic", 10, std::bind(&[01;31m[KMinimalSubscriber[m[K::topic_callback, this, _1));
[2.359s]       |                             [01;31m[K^~~~~~~~~~~~~~~~~[m[K
[2.386s] [01m[K/home/naka-lab/action_ws/src/action_tutorials_cpp/src/nav2_action_client.cpp:[m[K In function â€˜[01m[Kint main(int, char**)[m[Kâ€™:
[2.386s] [01m[K/home/naka-lab/action_ws/src/action_tutorials_cpp/src/nav2_action_client.cpp:97:18:[m[K [01;31m[Kerror: [m[Kâ€˜[01m[Kvoid Nav2Client::sendGoal()[m[Kâ€™ is private within this context
[2.386s]    97 |   node->sendGoal([01;31m[K)[m[K;
[2.386s]       |                  [01;31m[K^[m[K
[2.386s] [01m[K/home/naka-lab/action_ws/src/action_tutorials_cpp/src/nav2_action_client.cpp:43:8:[m[K [01;36m[Knote: [m[Kdeclared private here
[2.386s]    43 |   void [01;36m[KsendGoal[m[K(void) {
[2.386s]       |        [01;36m[K^~~~~~~~[m[K
[3.038s] make[2]: *** [CMakeFiles/nav2_send_goal.dir/build.make:63: CMakeFiles/nav2_send_goal.dir/src/nav2_action_client.cpp.o] Error 1
[3.038s] make[1]: *** [CMakeFiles/Makefile2:78: CMakeFiles/nav2_send_goal.dir/all] Error 2
[3.038s] make: *** [Makefile:141: all] Error 2
[3.041s] Invoked command in '/home/naka-lab/action_ws/build/action_tutorials_cpp' returned '2': CMAKE_PREFIX_PATH=/home/naka-lab/action_ws/install/action_tutorials_interfaces:/home/naka-lab/action_ws/install/action_tutorials_cpp:/home/naka-lab/turtlebot3_ws/install/turtlebot3_simulations:/home/naka-lab/turtlebot3_ws/install/turtlebot3_gazebo:/home/naka-lab/turtlebot3_ws/install/turtlebot3_fake_node:/opt/ros/foxy /usr/bin/cmake --build /home/naka-lab/action_ws/build/action_tutorials_cpp -- -j12 -l12
