[0.013s] Invoking command in '/home/naka-lab/action_ws/build/action_tutorials_cpp': AMENT_PREFIX_PATH=/home/naka-lab/action_ws/install/action_tutorials_interfaces:${AMENT_PREFIX_PATH} CMAKE_PREFIX_PATH=/home/naka-lab/action_ws/install/action_tutorials_interfaces:/home/naka-lab/turtlebot3_ws/install/turtlebot3_simulations:/home/naka-lab/turtlebot3_ws/install/turtlebot3_gazebo:/home/naka-lab/turtlebot3_ws/install/turtlebot3_fake_node:/opt/ros/foxy LD_LIBRARY_PATH=/home/naka-lab/action_ws/install/action_tutorials_interfaces/lib:${LD_LIBRARY_PATH} PYTHONPATH=/home/naka-lab/action_ws/install/action_tutorials_interfaces/lib/python3.8/site-packages:${PYTHONPATH} /usr/bin/cmake --build /home/naka-lab/action_ws/build/action_tutorials_cpp -- -j12 -l12
[0.038s] -- Found ament_cmake: 0.9.9 (/opt/ros/foxy/share/ament_cmake/cmake)
[0.059s] -- Using PYTHON_EXECUTABLE: /usr/bin/python3
[0.203s] -- Found action_tutorials_interfaces: 0.0.0 (/home/naka-lab/action_ws/install/action_tutorials_interfaces/share/action_tutorials_interfaces/cmake)
[0.222s] -- Using all available rosidl_typesupport_c: rosidl_typesupport_fastrtps_c;rosidl_typesupport_introspection_c
[0.224s] -- Found rosidl_adapter: 1.2.1 (/opt/ros/foxy/share/rosidl_adapter/cmake)
[0.319s] -- Using all available rosidl_typesupport_cpp: rosidl_typesupport_fastrtps_cpp;rosidl_typesupport_introspection_cpp
[1.014s] -- Found rclcpp: 2.4.0 (/opt/ros/foxy/share/rclcpp/cmake)
[1.044s] -- Found rmw_implementation_cmake: 1.0.3 (/opt/ros/foxy/share/rmw_implementation_cmake/cmake)
[1.046s] -- Using RMW implementation 'rmw_fastrtps_cpp' as default
[1.158s] -- Found rclcpp_action: 2.4.0 (/opt/ros/foxy/share/rclcpp_action/cmake)
[1.184s] -- Found rclcpp_components: 2.4.0 (/opt/ros/foxy/share/rclcpp_components/cmake)
[1.232s] -- Found ament_lint_auto: 0.9.6 (/opt/ros/foxy/share/ament_lint_auto/cmake)
[1.281s] -- Added test 'copyright' to check source files copyright and LICENSE
[1.282s] -- Added test 'cppcheck' to perform static code analysis on C / C++ code
[1.282s] -- Configured cppcheck include dirs: 
[1.282s] -- Configured cppcheck exclude dirs and/or files: 
[1.282s] -- Added test 'cpplint' to check C / C++ code against the Google style
[1.283s] -- Configured cpplint exclude dirs and/or files: 
[1.283s] -- Added test 'lint_cmake' to check CMake code style
[1.283s] -- Added test 'uncrustify' to check C / C++ code style
[1.284s] -- Configured uncrustify additional arguments: 
[1.284s] -- Added test 'xmllint' to check XML markup files
[1.286s] -- Configuring done
[1.294s] -- Generating done
[1.295s] -- Build files have been written to: /home/naka-lab/action_ws/build/action_tutorials_cpp
[1.316s] [35m[1mScanning dependencies of target nav2_send_goal[0m
[1.330s] [ 50%] [32mBuilding CXX object CMakeFiles/nav2_send_goal.dir/src/nav2_action_client.cpp.o[0m
[1.413s] [01m[K/home/naka-lab/action_ws/src/action_tutorials_cpp/src/nav2_action_client.cpp:5:10:[m[K [01;31m[Kfatal error: [m[Kaction_tutorials_interfaces/action/navigate_to_pose.hpp: No such file or directory
[1.413s]     5 | #include [01;31m[K"action_tutorials_interfaces/action/navigate_to_pose.hpp"[m[K
[1.413s]       |          [01;31m[K^~~~~~~~~~~~~~~~~~~~~~~~~~~~~~~~~~~~~~~~~~~~~~~~~~~~~~~~~[m[K
[1.413s] compilation terminated.
[1.415s] make[2]: *** [CMakeFiles/nav2_send_goal.dir/build.make:63: CMakeFiles/nav2_send_goal.dir/src/nav2_action_client.cpp.o] Error 1
[1.415s] make[1]: *** [CMakeFiles/Makefile2:78: CMakeFiles/nav2_send_goal.dir/all] Error 2
[1.415s] make: *** [Makefile:141: all] Error 2
[1.416s] Invoked command in '/home/naka-lab/action_ws/build/action_tutorials_cpp' returned '2': AMENT_PREFIX_PATH=/home/naka-lab/action_ws/install/action_tutorials_interfaces:${AMENT_PREFIX_PATH} CMAKE_PREFIX_PATH=/home/naka-lab/action_ws/install/action_tutorials_interfaces:/home/naka-lab/turtlebot3_ws/install/turtlebot3_simulations:/home/naka-lab/turtlebot3_ws/install/turtlebot3_gazebo:/home/naka-lab/turtlebot3_ws/install/turtlebot3_fake_node:/opt/ros/foxy LD_LIBRARY_PATH=/home/naka-lab/action_ws/install/action_tutorials_interfaces/lib:${LD_LIBRARY_PATH} PYTHONPATH=/home/naka-lab/action_ws/install/action_tutorials_interfaces/lib/python3.8/site-packages:${PYTHONPATH} /usr/bin/cmake --build /home/naka-lab/action_ws/build/action_tutorials_cpp -- -j12 -l12
