-- Found ament_cmake: 0.9.9 (/opt/ros/foxy/share/ament_cmake/cmake)
-- Using PYTHON_EXECUTABLE: /usr/bin/python3
-- Found action_tutorials_interfaces: 0.0.0 (/home/naka-lab/action_ws/install/action_tutorials_interfaces/share/action_tutorials_interfaces/cmake)
-- Using all available rosidl_typesupport_c: rosidl_typesupport_fastrtps_c;rosidl_typesupport_introspection_c
-- Found rosidl_adapter: 1.2.1 (/opt/ros/foxy/share/rosidl_adapter/cmake)
-- Using all available rosidl_typesupport_cpp: rosidl_typesupport_fastrtps_cpp;rosidl_typesupport_introspection_cpp
-- Found rclcpp: 2.4.1 (/opt/ros/foxy/share/rclcpp/cmake)
-- Found rmw_implementation_cmake: 1.0.3 (/opt/ros/foxy/share/rmw_implementation_cmake/cmake)
-- Using RMW implementation 'rmw_fastrtps_cpp' as default
-- Found rclcpp_action: 2.4.1 (/opt/ros/foxy/share/rclcpp_action/cmake)
-- Found rclcpp_components: 2.4.1 (/opt/ros/foxy/share/rclcpp_components/cmake)
-- Found ament_lint_auto: 0.9.6 (/opt/ros/foxy/share/ament_lint_auto/cmake)
-- Added test 'copyright' to check source files copyright and LICENSE
-- Added test 'cppcheck' to perform static code analysis on C / C++ code
-- Configured cppcheck include dirs: 
-- Configured cppcheck exclude dirs and/or files: 
-- Added test 'cpplint' to check C / C++ code against the Google style
-- Configured cpplint exclude dirs and/or files: 
-- Added test 'lint_cmake' to check CMake code style
-- Added test 'uncrustify' to check C / C++ code style
-- Configured uncrustify additional arguments: 
-- Added test 'xmllint' to check XML markup files
-- Configuring done
-- Generating done
-- Build files have been written to: /home/naka-lab/action_ws/build/action_tutorials_cpp
[35m[1mScanning dependencies of target nav2_send_waypoint[0m
[ 50%] Built target nav2_send_goal
[ 75%] [32mBuilding CXX object CMakeFiles/nav2_send_waypoint.dir/src/nav2_action_client_waypoint.cpp.o[0m
[01m[K/home/naka-lab/action_ws/src/action_tutorials_cpp/src/nav2_action_client_waypoint.cpp:[m[K In member function â€˜[01m[Kvoid Nav2Client::waypoints()[m[Kâ€™:
[01m[K/home/naka-lab/action_ws/src/action_tutorials_cpp/src/nav2_action_client_waypoint.cpp:43:13:[m[K [01;31m[Kerror: [m[Kexpected â€˜[01m[K:[m[Kâ€™ before â€˜[01m[K;[m[Kâ€™ token
   43 |       case 0[01;31m[K;[m[K
      |             [01;31m[K^[m[K
      |             [32m[K:[m[K
[01m[K/home/naka-lab/action_ws/src/action_tutorials_cpp/src/nav2_action_client_waypoint.cpp:48:13:[m[K [01;31m[Kerror: [m[Kexpected â€˜[01m[K:[m[Kâ€™ before â€˜[01m[K;[m[Kâ€™ token
   48 |       case 1[01;31m[K;[m[K
      |             [01;31m[K^[m[K
      |             [32m[K:[m[K
[01m[K/home/naka-lab/action_ws/src/action_tutorials_cpp/src/nav2_action_client_waypoint.cpp:53:13:[m[K [01;31m[Kerror: [m[Kexpected â€˜[01m[K:[m[Kâ€™ before â€˜[01m[K;[m[Kâ€™ token
   53 |       case 2[01;31m[K;[m[K
      |             [01;31m[K^[m[K
      |             [32m[K:[m[K
make[2]: *** [CMakeFiles/nav2_send_waypoint.dir/build.make:63: CMakeFiles/nav2_send_waypoint.dir/src/nav2_action_client_waypoint.cpp.o] Error 1
make[1]: *** [CMakeFiles/Makefile2:80: CMakeFiles/nav2_send_waypoint.dir/all] Error 2
make: *** [Makefile:141: all] Error 2
