[0.011s] Invoking command in '/home/naka-lab/action_ws/build/action_tutorials_cpp': CMAKE_PREFIX_PATH=/home/naka-lab/action_ws/install/action_tutorials_interfaces:/home/naka-lab/action_ws/install/cpp_pubsub:/home/naka-lab/action_ws/install/action_tutorials_cpp:/home/naka-lab/turtlebot3_ws/install/turtlebot3_simulations:/home/naka-lab/turtlebot3_ws/install/turtlebot3_gazebo:/home/naka-lab/turtlebot3_ws/install/turtlebot3_fake_node:/opt/ros/foxy /usr/bin/cmake --build /home/naka-lab/action_ws/build/action_tutorials_cpp -- -j12 -l12
[0.034s] -- Found ament_cmake: 0.9.9 (/opt/ros/foxy/share/ament_cmake/cmake)
[0.053s] -- Using PYTHON_EXECUTABLE: /usr/bin/python3
[0.202s] -- Found action_tutorials_interfaces: 0.0.0 (/home/naka-lab/action_ws/install/action_tutorials_interfaces/share/action_tutorials_interfaces/cmake)
[0.224s] -- Using all available rosidl_typesupport_c: rosidl_typesupport_fastrtps_c;rosidl_typesupport_introspection_c
[0.228s] -- Found rosidl_adapter: 1.2.1 (/opt/ros/foxy/share/rosidl_adapter/cmake)
[0.334s] -- Using all available rosidl_typesupport_cpp: rosidl_typesupport_fastrtps_cpp;rosidl_typesupport_introspection_cpp
[1.051s] -- Found rclcpp: 2.4.1 (/opt/ros/foxy/share/rclcpp/cmake)
[1.086s] -- Found rmw_implementation_cmake: 1.0.3 (/opt/ros/foxy/share/rmw_implementation_cmake/cmake)
[1.088s] -- Using RMW implementation 'rmw_fastrtps_cpp' as default
[1.207s] -- Found rclcpp_action: 2.4.1 (/opt/ros/foxy/share/rclcpp_action/cmake)
[1.234s] -- Found rclcpp_components: 2.4.1 (/opt/ros/foxy/share/rclcpp_components/cmake)
[1.287s] -- Found ament_lint_auto: 0.9.6 (/opt/ros/foxy/share/ament_lint_auto/cmake)
[1.341s] -- Added test 'copyright' to check source files copyright and LICENSE
[1.342s] -- Added test 'cppcheck' to perform static code analysis on C / C++ code
[1.342s] -- Configured cppcheck include dirs: 
[1.342s] -- Configured cppcheck exclude dirs and/or files: 
[1.343s] -- Added test 'cpplint' to check C / C++ code against the Google style
[1.343s] -- Configured cpplint exclude dirs and/or files: 
[1.344s] -- Added test 'lint_cmake' to check CMake code style
[1.344s] -- Added test 'uncrustify' to check C / C++ code style
[1.344s] -- Configured uncrustify additional arguments: 
[1.345s] -- Added test 'xmllint' to check XML markup files
[1.348s] -- Configuring done
[1.361s] -- Generating done
[1.362s] -- Build files have been written to: /home/naka-lab/action_ws/build/action_tutorials_cpp
[1.382s] [35m[1mScanning dependencies of target nav2_send_waypoint[0m
[1.400s] [ 50%] Built target nav2_send_goal
[1.415s] [ 75%] [32mBuilding CXX object CMakeFiles/nav2_send_waypoint.dir/src/nav2_action_client_waypoint.cpp.o[0m
[2.487s] [01m[K/home/naka-lab/action_ws/src/action_tutorials_cpp/src/nav2_action_client_waypoint.cpp:[m[K In member function â€˜[01m[Kvoid Nav2Client::waypoints()[m[Kâ€™:
[2.487s] [01m[K/home/naka-lab/action_ws/src/action_tutorials_cpp/src/nav2_action_client_waypoint.cpp:43:13:[m[K [01;31m[Kerror: [m[Kexpected â€˜[01m[K:[m[Kâ€™ before â€˜[01m[K;[m[Kâ€™ token
[2.487s]    43 |       case 0[01;31m[K;[m[K
[2.487s]       |             [01;31m[K^[m[K
[2.487s]       |             [32m[K:[m[K
[2.487s] [01m[K/home/naka-lab/action_ws/src/action_tutorials_cpp/src/nav2_action_client_waypoint.cpp:48:13:[m[K [01;31m[Kerror: [m[Kexpected â€˜[01m[K:[m[Kâ€™ before â€˜[01m[K;[m[Kâ€™ token
[2.487s]    48 |       case 1[01;31m[K;[m[K
[2.487s]       |             [01;31m[K^[m[K
[2.487s]       |             [32m[K:[m[K
[2.487s] [01m[K/home/naka-lab/action_ws/src/action_tutorials_cpp/src/nav2_action_client_waypoint.cpp:53:13:[m[K [01;31m[Kerror: [m[Kexpected â€˜[01m[K:[m[Kâ€™ before â€˜[01m[K;[m[Kâ€™ token
[2.487s]    53 |       case 2[01;31m[K;[m[K
[2.487s]       |             [01;31m[K^[m[K
[2.487s]       |             [32m[K:[m[K
[3.188s] make[2]: *** [CMakeFiles/nav2_send_waypoint.dir/build.make:63: CMakeFiles/nav2_send_waypoint.dir/src/nav2_action_client_waypoint.cpp.o] Error 1
[3.188s] make[1]: *** [CMakeFiles/Makefile2:80: CMakeFiles/nav2_send_waypoint.dir/all] Error 2
[3.188s] make: *** [Makefile:141: all] Error 2
[3.191s] Invoked command in '/home/naka-lab/action_ws/build/action_tutorials_cpp' returned '2': CMAKE_PREFIX_PATH=/home/naka-lab/action_ws/install/action_tutorials_interfaces:/home/naka-lab/action_ws/install/cpp_pubsub:/home/naka-lab/action_ws/install/action_tutorials_cpp:/home/naka-lab/turtlebot3_ws/install/turtlebot3_simulations:/home/naka-lab/turtlebot3_ws/install/turtlebot3_gazebo:/home/naka-lab/turtlebot3_ws/install/turtlebot3_fake_node:/opt/ros/foxy /usr/bin/cmake --build /home/naka-lab/action_ws/build/action_tutorials_cpp -- -j12 -l12
