[0.010s] Invoking command in '/home/naka-lab/action_ws/build/action_tutorials_cpp': CMAKE_PREFIX_PATH=/home/naka-lab/action_ws/install/action_tutorials_interfaces:/home/naka-lab/action_ws/install/action_tutorials_cpp:/home/naka-lab/turtlebot3_ws/install/turtlebot3_simulations:/home/naka-lab/turtlebot3_ws/install/turtlebot3_gazebo:/home/naka-lab/turtlebot3_ws/install/turtlebot3_fake_node:/opt/ros/foxy /usr/bin/cmake --build /home/naka-lab/action_ws/build/action_tutorials_cpp -- -j12 -l12
[0.042s] [35m[1mScanning dependencies of target nav2_send_goal[0m
[0.064s] [ 50%] [32mBuilding CXX object CMakeFiles/nav2_send_goal.dir/src/nav2_action_client.cpp.o[0m
[1.096s] [01m[K/home/naka-lab/action_ws/src/action_tutorials_cpp/src/nav2_action_client.cpp:[m[K In constructor â€˜[01m[KNav2Client::Nav2Client()[m[Kâ€™:
[1.096s] [01m[K/home/naka-lab/action_ws/src/action_tutorials_cpp/src/nav2_action_client.cpp:27:29:[m[K [01;31m[Kerror: [m[Kâ€˜[01m[KMinimalSubscriber[m[Kâ€™ has not been declared
[1.097s]    27 |     "topic", 10, std::bind(&[01;31m[KMinimalSubscriber[m[K::topic_callback, this, _1));
[1.097s]       |                             [01;31m[K^~~~~~~~~~~~~~~~~[m[K
[1.098s] [01m[K/home/naka-lab/action_ws/src/action_tutorials_cpp/src/nav2_action_client.cpp:[m[K In member function â€˜[01m[Kvoid Nav2Client::topic_callback(geometry_msgs::msg::PoseStamped_<std::allocator<void> >::SharedPtr) const[m[Kâ€™:
[1.098s] [01m[K/home/naka-lab/action_ws/src/action_tutorials_cpp/src/nav2_action_client.cpp:36:24:[m[K [01;31m[Kerror: [m[Kâ€˜[01m[Kconst SharedPtr[m[Kâ€™ {aka â€˜[01m[Kconst class std::shared_ptr<geometry_msgs::msg::PoseStamped_<std::allocator<void> > >[m[Kâ€™} has no member named â€˜[01m[Kpose[m[Kâ€™
[1.098s]    36 |       goal_pos_x = msg.[01;31m[Kpose[m[K.position.x;
[1.098s]       |                        [01;31m[K^~~~[m[K
[1.099s] [01m[K/home/naka-lab/action_ws/src/action_tutorials_cpp/src/nav2_action_client.cpp:37:24:[m[K [01;31m[Kerror: [m[Kâ€˜[01m[Kconst SharedPtr[m[Kâ€™ {aka â€˜[01m[Kconst class std::shared_ptr<geometry_msgs::msg::PoseStamped_<std::allocator<void> > >[m[Kâ€™} has no member named â€˜[01m[Kpose[m[Kâ€™
[1.099s]    37 |       goal_pos_y = msg.[01;31m[Kpose[m[K.position.y;
[1.099s]       |                        [01;31m[K^~~~[m[K
[1.099s] [01m[K/home/naka-lab/action_ws/src/action_tutorials_cpp/src/nav2_action_client.cpp:38:30:[m[K [01;31m[Kerror: [m[Kâ€˜[01m[Kconst SharedPtr[m[Kâ€™ {aka â€˜[01m[Kconst class std::shared_ptr<geometry_msgs::msg::PoseStamped_<std::allocator<void> > >[m[Kâ€™} has no member named â€˜[01m[Kpose[m[Kâ€™
[1.099s]    38 |       goal_orientation = msg.[01;31m[Kpose[m[K.orientation.z;
[1.099s]       |                              [01;31m[K^~~~[m[K
[1.126s] [01m[K/home/naka-lab/action_ws/src/action_tutorials_cpp/src/nav2_action_client.cpp:[m[K In function â€˜[01m[Kint main(int, char**)[m[Kâ€™:
[1.126s] [01m[K/home/naka-lab/action_ws/src/action_tutorials_cpp/src/nav2_action_client.cpp:97:18:[m[K [01;31m[Kerror: [m[Kâ€˜[01m[Kvoid Nav2Client::sendGoal()[m[Kâ€™ is private within this context
[1.126s]    97 |   node->sendGoal([01;31m[K)[m[K;
[1.126s]       |                  [01;31m[K^[m[K
[1.126s] [01m[K/home/naka-lab/action_ws/src/action_tutorials_cpp/src/nav2_action_client.cpp:43:8:[m[K [01;36m[Knote: [m[Kdeclared private here
[1.126s]    43 |   void [01;36m[KsendGoal[m[K(void) {
[1.126s]       |        [01;36m[K^~~~~~~~[m[K
[1.780s] make[2]: *** [CMakeFiles/nav2_send_goal.dir/build.make:63: CMakeFiles/nav2_send_goal.dir/src/nav2_action_client.cpp.o] Error 1
[1.780s] make[1]: *** [CMakeFiles/Makefile2:78: CMakeFiles/nav2_send_goal.dir/all] Error 2
[1.780s] make: *** [Makefile:141: all] Error 2
[1.781s] Invoked command in '/home/naka-lab/action_ws/build/action_tutorials_cpp' returned '2': CMAKE_PREFIX_PATH=/home/naka-lab/action_ws/install/action_tutorials_interfaces:/home/naka-lab/action_ws/install/action_tutorials_cpp:/home/naka-lab/turtlebot3_ws/install/turtlebot3_simulations:/home/naka-lab/turtlebot3_ws/install/turtlebot3_gazebo:/home/naka-lab/turtlebot3_ws/install/turtlebot3_fake_node:/opt/ros/foxy /usr/bin/cmake --build /home/naka-lab/action_ws/build/action_tutorials_cpp -- -j12 -l12
