[35m[1mScanning dependencies of target nav2_send_goal[0m
[ 50%] [32mBuilding CXX object CMakeFiles/nav2_send_goal.dir/src/nav2_action_client.cpp.o[0m
[01m[K/home/naka-lab/action_ws/src/action_tutorials_cpp/src/nav2_action_client.cpp:40:41:[m[K [01;31m[Kerror: [m[Kâ€˜[01m[KPoseStamped[m[Kâ€™ is not a member of â€˜[01m[Kgeometry_msgs[m[Kâ€™; did you mean â€˜[01m[Kgeometry_msgs::msg::PoseStamped[m[Kâ€™?
   40 |     rclcpp::Subscription<geometry_msgs::[01;31m[KPoseStamped[m[K>::SharedPtr subscription_;
      |                                         [01;31m[K^~~~~~~~~~~[m[K
In file included from [01m[K/opt/ros/foxy/include/geometry_msgs/msg/pose_stamped.hpp:7[m[K,
                 from [01m[K/home/naka-lab/action_ws/src/action_tutorials_cpp/src/nav2_action_client.cpp:5[m[K:
[01m[K/opt/ros/foxy/include/geometry_msgs/msg/detail/pose_stamped__struct.hpp:134:7:[m[K [01;36m[Knote: [m[Kâ€˜[01m[Kgeometry_msgs::msg::PoseStamped[m[Kâ€™ declared here
  134 | using [01;36m[KPoseStamped[m[K =
      |       [01;36m[K^~~~~~~~~~~[m[K
[01m[K/home/naka-lab/action_ws/src/action_tutorials_cpp/src/nav2_action_client.cpp:40:41:[m[K [01;31m[Kerror: [m[Kâ€˜[01m[KPoseStamped[m[Kâ€™ is not a member of â€˜[01m[Kgeometry_msgs[m[Kâ€™; did you mean â€˜[01m[Kgeometry_msgs::msg::PoseStamped[m[Kâ€™?
   40 |     rclcpp::Subscription<geometry_msgs::[01;31m[KPoseStamped[m[K>::SharedPtr subscription_;
      |                                         [01;31m[K^~~~~~~~~~~[m[K
In file included from [01m[K/opt/ros/foxy/include/geometry_msgs/msg/pose_stamped.hpp:7[m[K,
                 from [01m[K/home/naka-lab/action_ws/src/action_tutorials_cpp/src/nav2_action_client.cpp:5[m[K:
[01m[K/opt/ros/foxy/include/geometry_msgs/msg/detail/pose_stamped__struct.hpp:134:7:[m[K [01;36m[Knote: [m[Kâ€˜[01m[Kgeometry_msgs::msg::PoseStamped[m[Kâ€™ declared here
  134 | using [01;36m[KPoseStamped[m[K =
      |       [01;36m[K^~~~~~~~~~~[m[K
[01m[K/home/naka-lab/action_ws/src/action_tutorials_cpp/src/nav2_action_client.cpp:40:52:[m[K [01;31m[Kerror: [m[Ktemplate argument 1 is invalid
   40 |     rclcpp::Subscription<geometry_msgs::PoseStamped[01;31m[K>[m[K::SharedPtr subscription_;
      |                                                    [01;31m[K^[m[K
[01m[K/home/naka-lab/action_ws/src/action_tutorials_cpp/src/nav2_action_client.cpp:40:52:[m[K [01;31m[Kerror: [m[Ktemplate argument 3 is invalid
[01m[K/home/naka-lab/action_ws/src/action_tutorials_cpp/src/nav2_action_client.cpp:40:55:[m[K [01;31m[Kerror: [m[Kexpected â€˜[01m[K;[m[Kâ€™ at end of member declaration
   40 |     rclcpp::Subscription<geometry_msgs::PoseStamped>::[01;31m[KSharedPtr[m[K subscription_;
      |                                                       [01;31m[K^~~~~~~~~[m[K
      |                                                                [32m[K;[m[K
[01m[K/home/naka-lab/action_ws/src/action_tutorials_cpp/src/nav2_action_client.cpp:40:65:[m[K [01;31m[Kerror: [m[Kâ€˜[01m[Ksubscription_[m[Kâ€™ does not name a type; did you mean â€˜[01m[Krcl_subscription_t[m[Kâ€™?
   40 |     rclcpp::Subscription<geometry_msgs::PoseStamped>::SharedPtr [01;31m[Ksubscription_[m[K;
      |                                                                 [01;31m[K^~~~~~~~~~~~~[m[K
      |                                                                 [32m[Krcl_subscription_t[m[K
[01m[K/home/naka-lab/action_ws/src/action_tutorials_cpp/src/nav2_action_client.cpp:[m[K In constructor â€˜[01m[KNav2Client::Nav2Client()[m[Kâ€™:
[01m[K/home/naka-lab/action_ws/src/action_tutorials_cpp/src/nav2_action_client.cpp:26:5:[m[K [01;31m[Kerror: [m[Kâ€˜[01m[Ksubscription_[m[Kâ€™ was not declared in this scope; did you mean â€˜[01m[Krcl_subscription_t[m[Kâ€™?
   26 |     [01;31m[Ksubscription_[m[K = this->create_subscription<geometry_msgs::pose_stamped>(
      |     [01;31m[K^~~~~~~~~~~~~[m[K
      |     [32m[Krcl_subscription_t[m[K
[01m[K/home/naka-lab/action_ws/src/action_tutorials_cpp/src/nav2_action_client.cpp:26:62:[m[K [01;31m[Kerror: [m[Kâ€˜[01m[Kpose_stamped[m[Kâ€™ is not a member of â€˜[01m[Kgeometry_msgs[m[Kâ€™
   26 |     subscription_ = this->create_subscription<geometry_msgs::[01;31m[Kpose_stamped[m[K>(
      |                                                              [01;31m[K^~~~~~~~~~~~[m[K
[01m[K/home/naka-lab/action_ws/src/action_tutorials_cpp/src/nav2_action_client.cpp:26:62:[m[K [01;31m[Kerror: [m[Kâ€˜[01m[Kpose_stamped[m[Kâ€™ is not a member of â€˜[01m[Kgeometry_msgs[m[Kâ€™
[01m[K/home/naka-lab/action_ws/src/action_tutorials_cpp/src/nav2_action_client.cpp:27:29:[m[K [01;31m[Kerror: [m[Kâ€˜[01m[KMinimalSubscriber[m[Kâ€™ has not been declared
   27 |     "topic", 10, std::bind(&[01;31m[KMinimalSubscriber[m[K::topic_callback, this, _1));
      |                             [01;31m[K^~~~~~~~~~~~~~~~~[m[K
[01m[K/home/naka-lab/action_ws/src/action_tutorials_cpp/src/nav2_action_client.cpp:[m[K In member function â€˜[01m[Kvoid Nav2Client::topic_callback(geometry_msgs::msg::PoseStamped_<std::allocator<void> >::SharedPtr) const[m[Kâ€™:
[01m[K/home/naka-lab/action_ws/src/action_tutorials_cpp/src/nav2_action_client.cpp:36:24:[m[K [01;31m[Kerror: [m[Kâ€˜[01m[Kconst SharedPtr[m[Kâ€™ {aka â€˜[01m[Kconst class std::shared_ptr<geometry_msgs::msg::PoseStamped_<std::allocator<void> > >[m[Kâ€™} has no member named â€˜[01m[Kpose[m[Kâ€™
   36 |       goal_pos_x = msg.[01;31m[Kpose[m[K.position.x;
      |                        [01;31m[K^~~~[m[K
[01m[K/home/naka-lab/action_ws/src/action_tutorials_cpp/src/nav2_action_client.cpp:37:24:[m[K [01;31m[Kerror: [m[Kâ€˜[01m[Kconst SharedPtr[m[Kâ€™ {aka â€˜[01m[Kconst class std::shared_ptr<geometry_msgs::msg::PoseStamped_<std::allocator<void> > >[m[Kâ€™} has no member named â€˜[01m[Kpose[m[Kâ€™
   37 |       goal_pos_y = msg.[01;31m[Kpose[m[K.position.y;
      |                        [01;31m[K^~~~[m[K
[01m[K/home/naka-lab/action_ws/src/action_tutorials_cpp/src/nav2_action_client.cpp:38:30:[m[K [01;31m[Kerror: [m[Kâ€˜[01m[Kconst SharedPtr[m[Kâ€™ {aka â€˜[01m[Kconst class std::shared_ptr<geometry_msgs::msg::PoseStamped_<std::allocator<void> > >[m[Kâ€™} has no member named â€˜[01m[Kpose[m[Kâ€™
   38 |       goal_orientation = msg.[01;31m[Kpose[m[K.orientation.z;
      |                              [01;31m[K^~~~[m[K
[01m[K/home/naka-lab/action_ws/src/action_tutorials_cpp/src/nav2_action_client.cpp:[m[K In function â€˜[01m[Kint main(int, char**)[m[Kâ€™:
[01m[K/home/naka-lab/action_ws/src/action_tutorials_cpp/src/nav2_action_client.cpp:97:18:[m[K [01;31m[Kerror: [m[Kâ€˜[01m[Kvoid Nav2Client::sendGoal()[m[Kâ€™ is private within this context
   97 |   node->sendGoal([01;31m[K)[m[K;
      |                  [01;31m[K^[m[K
[01m[K/home/naka-lab/action_ws/src/action_tutorials_cpp/src/nav2_action_client.cpp:43:8:[m[K [01;36m[Knote: [m[Kdeclared private here
   43 |   void [01;36m[KsendGoal[m[K(void) {
      |        [01;36m[K^~~~~~~~[m[K
make[2]: *** [CMakeFiles/nav2_send_goal.dir/build.make:63: CMakeFiles/nav2_send_goal.dir/src/nav2_action_client.cpp.o] Error 1
make[1]: *** [CMakeFiles/Makefile2:78: CMakeFiles/nav2_send_goal.dir/all] Error 2
make: *** [Makefile:141: all] Error 2
