[0.011s] Invoking command in '/home/naka-lab/action_ws/build/action_tutorials_cpp': CMAKE_PREFIX_PATH=/home/naka-lab/action_ws/install/action_tutorials_interfaces:/home/naka-lab/action_ws/install/action_tutorials_cpp:/home/naka-lab/turtlebot3_ws/install/turtlebot3_simulations:/home/naka-lab/turtlebot3_ws/install/turtlebot3_gazebo:/home/naka-lab/turtlebot3_ws/install/turtlebot3_fake_node:/opt/ros/foxy /usr/bin/cmake --build /home/naka-lab/action_ws/build/action_tutorials_cpp -- -j12 -l12
[0.046s] [35m[1mScanning dependencies of target nav2_send_goal[0m
[0.069s] [ 50%] [32mBuilding CXX object CMakeFiles/nav2_send_goal.dir/src/nav2_action_client.cpp.o[0m
[1.043s] [01m[K/home/naka-lab/action_ws/src/action_tutorials_cpp/src/nav2_action_client.cpp:40:41:[m[K [01;31m[Kerror: [m[Kâ€˜[01m[KPoseStamped[m[Kâ€™ is not a member of â€˜[01m[Kgeometry_msgs[m[Kâ€™; did you mean â€˜[01m[Kgeometry_msgs::msg::PoseStamped[m[Kâ€™?
[1.044s]    40 |     rclcpp::Subscription<geometry_msgs::[01;31m[KPoseStamped[m[K>::SharedPtr subscription_;
[1.044s]       |                                         [01;31m[K^~~~~~~~~~~[m[K
[1.044s] In file included from [01m[K/opt/ros/foxy/include/geometry_msgs/msg/pose_stamped.hpp:7[m[K,
[1.044s]                  from [01m[K/home/naka-lab/action_ws/src/action_tutorials_cpp/src/nav2_action_client.cpp:5[m[K:
[1.044s] [01m[K/opt/ros/foxy/include/geometry_msgs/msg/detail/pose_stamped__struct.hpp:134:7:[m[K [01;36m[Knote: [m[Kâ€˜[01m[Kgeometry_msgs::msg::PoseStamped[m[Kâ€™ declared here
[1.044s]   134 | using [01;36m[KPoseStamped[m[K =
[1.044s]       |       [01;36m[K^~~~~~~~~~~[m[K
[1.044s] [01m[K/home/naka-lab/action_ws/src/action_tutorials_cpp/src/nav2_action_client.cpp:40:41:[m[K [01;31m[Kerror: [m[Kâ€˜[01m[KPoseStamped[m[Kâ€™ is not a member of â€˜[01m[Kgeometry_msgs[m[Kâ€™; did you mean â€˜[01m[Kgeometry_msgs::msg::PoseStamped[m[Kâ€™?
[1.044s]    40 |     rclcpp::Subscription<geometry_msgs::[01;31m[KPoseStamped[m[K>::SharedPtr subscription_;
[1.044s]       |                                         [01;31m[K^~~~~~~~~~~[m[K
[1.044s] In file included from [01m[K/opt/ros/foxy/include/geometry_msgs/msg/pose_stamped.hpp:7[m[K,
[1.044s]                  from [01m[K/home/naka-lab/action_ws/src/action_tutorials_cpp/src/nav2_action_client.cpp:5[m[K:
[1.044s] [01m[K/opt/ros/foxy/include/geometry_msgs/msg/detail/pose_stamped__struct.hpp:134:7:[m[K [01;36m[Knote: [m[Kâ€˜[01m[Kgeometry_msgs::msg::PoseStamped[m[Kâ€™ declared here
[1.044s]   134 | using [01;36m[KPoseStamped[m[K =
[1.044s]       |       [01;36m[K^~~~~~~~~~~[m[K
[1.044s] [01m[K/home/naka-lab/action_ws/src/action_tutorials_cpp/src/nav2_action_client.cpp:40:52:[m[K [01;31m[Kerror: [m[Ktemplate argument 1 is invalid
[1.044s]    40 |     rclcpp::Subscription<geometry_msgs::PoseStamped[01;31m[K>[m[K::SharedPtr subscription_;
[1.045s]       |                                                    [01;31m[K^[m[K
[1.045s] [01m[K/home/naka-lab/action_ws/src/action_tutorials_cpp/src/nav2_action_client.cpp:40:52:[m[K [01;31m[Kerror: [m[Ktemplate argument 3 is invalid
[1.045s] [01m[K/home/naka-lab/action_ws/src/action_tutorials_cpp/src/nav2_action_client.cpp:40:55:[m[K [01;31m[Kerror: [m[Kexpected â€˜[01m[K;[m[Kâ€™ at end of member declaration
[1.045s]    40 |     rclcpp::Subscription<geometry_msgs::PoseStamped>::[01;31m[KSharedPtr[m[K subscription_;
[1.045s]       |                                                       [01;31m[K^~~~~~~~~[m[K
[1.045s]       |                                                                [32m[K;[m[K
[1.045s] [01m[K/home/naka-lab/action_ws/src/action_tutorials_cpp/src/nav2_action_client.cpp:40:65:[m[K [01;31m[Kerror: [m[Kâ€˜[01m[Ksubscription_[m[Kâ€™ does not name a type; did you mean â€˜[01m[Krcl_subscription_t[m[Kâ€™?
[1.045s]    40 |     rclcpp::Subscription<geometry_msgs::PoseStamped>::SharedPtr [01;31m[Ksubscription_[m[K;
[1.045s]       |                                                                 [01;31m[K^~~~~~~~~~~~~[m[K
[1.046s]       |                                                                 [32m[Krcl_subscription_t[m[K
[1.048s] [01m[K/home/naka-lab/action_ws/src/action_tutorials_cpp/src/nav2_action_client.cpp:[m[K In constructor â€˜[01m[KNav2Client::Nav2Client()[m[Kâ€™:
[1.048s] [01m[K/home/naka-lab/action_ws/src/action_tutorials_cpp/src/nav2_action_client.cpp:26:5:[m[K [01;31m[Kerror: [m[Kâ€˜[01m[Ksubscription_[m[Kâ€™ was not declared in this scope; did you mean â€˜[01m[Krcl_subscription_t[m[Kâ€™?
[1.048s]    26 |     [01;31m[Ksubscription_[m[K = this->create_subscription<geometry_msgs::pose_stamped>(
[1.048s]       |     [01;31m[K^~~~~~~~~~~~~[m[K
[1.048s]       |     [32m[Krcl_subscription_t[m[K
[1.048s] [01m[K/home/naka-lab/action_ws/src/action_tutorials_cpp/src/nav2_action_client.cpp:26:62:[m[K [01;31m[Kerror: [m[Kâ€˜[01m[Kpose_stamped[m[Kâ€™ is not a member of â€˜[01m[Kgeometry_msgs[m[Kâ€™
[1.048s]    26 |     subscription_ = this->create_subscription<geometry_msgs::[01;31m[Kpose_stamped[m[K>(
[1.048s]       |                                                              [01;31m[K^~~~~~~~~~~~[m[K
[1.048s] [01m[K/home/naka-lab/action_ws/src/action_tutorials_cpp/src/nav2_action_client.cpp:26:62:[m[K [01;31m[Kerror: [m[Kâ€˜[01m[Kpose_stamped[m[Kâ€™ is not a member of â€˜[01m[Kgeometry_msgs[m[Kâ€™
[1.048s] [01m[K/home/naka-lab/action_ws/src/action_tutorials_cpp/src/nav2_action_client.cpp:27:29:[m[K [01;31m[Kerror: [m[Kâ€˜[01m[KMinimalSubscriber[m[Kâ€™ has not been declared
[1.048s]    27 |     "topic", 10, std::bind(&[01;31m[KMinimalSubscriber[m[K::topic_callback, this, _1));
[1.048s]       |                             [01;31m[K^~~~~~~~~~~~~~~~~[m[K
[1.050s] [01m[K/home/naka-lab/action_ws/src/action_tutorials_cpp/src/nav2_action_client.cpp:[m[K In member function â€˜[01m[Kvoid Nav2Client::topic_callback(geometry_msgs::msg::PoseStamped_<std::allocator<void> >::SharedPtr) const[m[Kâ€™:
[1.050s] [01m[K/home/naka-lab/action_ws/src/action_tutorials_cpp/src/nav2_action_client.cpp:36:24:[m[K [01;31m[Kerror: [m[Kâ€˜[01m[Kconst SharedPtr[m[Kâ€™ {aka â€˜[01m[Kconst class std::shared_ptr<geometry_msgs::msg::PoseStamped_<std::allocator<void> > >[m[Kâ€™} has no member named â€˜[01m[Kpose[m[Kâ€™
[1.050s]    36 |       goal_pos_x = msg.[01;31m[Kpose[m[K.position.x;
[1.050s]       |                        [01;31m[K^~~~[m[K
[1.050s] [01m[K/home/naka-lab/action_ws/src/action_tutorials_cpp/src/nav2_action_client.cpp:37:24:[m[K [01;31m[Kerror: [m[Kâ€˜[01m[Kconst SharedPtr[m[Kâ€™ {aka â€˜[01m[Kconst class std::shared_ptr<geometry_msgs::msg::PoseStamped_<std::allocator<void> > >[m[Kâ€™} has no member named â€˜[01m[Kpose[m[Kâ€™
[1.050s]    37 |       goal_pos_y = msg.[01;31m[Kpose[m[K.position.y;
[1.051s]       |                        [01;31m[K^~~~[m[K
[1.051s] [01m[K/home/naka-lab/action_ws/src/action_tutorials_cpp/src/nav2_action_client.cpp:38:30:[m[K [01;31m[Kerror: [m[Kâ€˜[01m[Kconst SharedPtr[m[Kâ€™ {aka â€˜[01m[Kconst class std::shared_ptr<geometry_msgs::msg::PoseStamped_<std::allocator<void> > >[m[Kâ€™} has no member named â€˜[01m[Kpose[m[Kâ€™
[1.051s]    38 |       goal_orientation = msg.[01;31m[Kpose[m[K.orientation.z;
[1.051s]       |                              [01;31m[K^~~~[m[K
[1.076s] [01m[K/home/naka-lab/action_ws/src/action_tutorials_cpp/src/nav2_action_client.cpp:[m[K In function â€˜[01m[Kint main(int, char**)[m[Kâ€™:
[1.076s] [01m[K/home/naka-lab/action_ws/src/action_tutorials_cpp/src/nav2_action_client.cpp:97:18:[m[K [01;31m[Kerror: [m[Kâ€˜[01m[Kvoid Nav2Client::sendGoal()[m[Kâ€™ is private within this context
[1.076s]    97 |   node->sendGoal([01;31m[K)[m[K;
[1.077s]       |                  [01;31m[K^[m[K
[1.077s] [01m[K/home/naka-lab/action_ws/src/action_tutorials_cpp/src/nav2_action_client.cpp:43:8:[m[K [01;36m[Knote: [m[Kdeclared private here
[1.077s]    43 |   void [01;36m[KsendGoal[m[K(void) {
[1.077s]       |        [01;36m[K^~~~~~~~[m[K
[1.717s] make[2]: *** [CMakeFiles/nav2_send_goal.dir/build.make:63: CMakeFiles/nav2_send_goal.dir/src/nav2_action_client.cpp.o] Error 1
[1.717s] make[1]: *** [CMakeFiles/Makefile2:78: CMakeFiles/nav2_send_goal.dir/all] Error 2
[1.717s] make: *** [Makefile:141: all] Error 2
[1.720s] Invoked command in '/home/naka-lab/action_ws/build/action_tutorials_cpp' returned '2': CMAKE_PREFIX_PATH=/home/naka-lab/action_ws/install/action_tutorials_interfaces:/home/naka-lab/action_ws/install/action_tutorials_cpp:/home/naka-lab/turtlebot3_ws/install/turtlebot3_simulations:/home/naka-lab/turtlebot3_ws/install/turtlebot3_gazebo:/home/naka-lab/turtlebot3_ws/install/turtlebot3_fake_node:/opt/ros/foxy /usr/bin/cmake --build /home/naka-lab/action_ws/build/action_tutorials_cpp -- -j12 -l12
