[01m[K/home/naka-lab/action_ws/src/action_tutorials_cpp/src/nav2_action_client.cpp:133:1:[m[K [01;31m[Kerror: [m[Kexpected â€˜[01m[K}[m[Kâ€™ at end of input
  133 | [01;31m[K}[m[K
      | [01;31m[K^[m[K
[01m[K/home/naka-lab/action_ws/src/action_tutorials_cpp/src/nav2_action_client.cpp:21:1:[m[K [01;36m[Knote: [m[Kto match this â€˜[01m[K{[m[Kâ€™
   21 | [01;36m[K{[m[K
      | [01;36m[K^[m[K
[01m[K/home/naka-lab/action_ws/src/action_tutorials_cpp/src/nav2_action_client.cpp:[m[K In constructor â€˜[01m[KNav2Client::Nav2Client()[m[Kâ€™:
[01m[K/home/naka-lab/action_ws/src/action_tutorials_cpp/src/nav2_action_client.cpp:35:5:[m[K [01;31m[Kerror: [m[Kâ€˜[01m[KmPoseSub[m[Kâ€™ was not declared in this scope
   35 |     [01;31m[KmPoseSub[m[K = create_subscription<geometry_msgs::msg::PoseStamped>(
      |     [01;31m[K^~~~~~~~[m[K
[01m[K/home/naka-lab/action_ws/src/action_tutorials_cpp/src/nav2_action_client.cpp:37:28:[m[K [01;31m[Kerror: [m[Kâ€˜[01m[KMinimalPoseOdomSubscriber[m[Kâ€™ has not been declared
   37 |                 std::bind(&[01;31m[KMinimalPoseOdomSubscriber[m[K::poseCallback, this, _1) );
      |                            [01;31m[K^~~~~~~~~~~~~~~~~~~~~~~~~[m[K
[01m[K/home/naka-lab/action_ws/src/action_tutorials_cpp/src/nav2_action_client.cpp:[m[K In member function â€˜[01m[Kvoid Nav2Client::poseCallback(geometry_msgs::msg::PoseStamped_<std::allocator<void> >::SharedPtr)[m[Kâ€™:
[01m[K/home/naka-lab/action_ws/src/action_tutorials_cpp/src/nav2_action_client.cpp:68:5:[m[K [01;31m[Kerror: [m[Kâ€˜[01m[KsendGoal[m[Kâ€™ was not declared in this scope
   68 |     [01;31m[KsendGoal[m[K();
      |     [01;31m[K^~~~~~~~[m[K
[01m[K/home/naka-lab/action_ws/src/action_tutorials_cpp/src/nav2_action_client.cpp:72:23:[m[K [01;31m[Kerror: [m[Ka function-definition is not allowed here before â€˜[01m[K{[m[Kâ€™ token
   72 |   void sendGoal(void) [01;31m[K{[m[K
      |                       [01;31m[K^[m[K
[01m[K/home/naka-lab/action_ws/src/action_tutorials_cpp/src/nav2_action_client.cpp:102:3:[m[K [01;31m[Kerror: [m[Ka function-definition is not allowed here before â€˜[01m[K{[m[Kâ€™ token
  102 |   [01;31m[K{[m[K
      |   [01;31m[K^[m[K
[01m[K/home/naka-lab/action_ws/src/action_tutorials_cpp/src/nav2_action_client.cpp:107:3:[m[K [01;31m[Kerror: [m[Ka function-definition is not allowed here before â€˜[01m[K{[m[Kâ€™ token
  107 |   [01;31m[K{[m[K
      |   [01;31m[K^[m[K
[01m[K/home/naka-lab/action_ws/src/action_tutorials_cpp/src/nav2_action_client.cpp:[m[K At global scope:
[01m[K/home/naka-lab/action_ws/src/action_tutorials_cpp/src/nav2_action_client.cpp:133:1:[m[K [01;31m[Kerror: [m[Kexpected unqualified-id at end of input
  133 | [01;31m[K}[m[K
      | [01;31m[K^[m[K
make[2]: *** [CMakeFiles/nav2_send_goal.dir/build.make:63: CMakeFiles/nav2_send_goal.dir/src/nav2_action_client.cpp.o] Error 1
make[1]: *** [CMakeFiles/Makefile2:78: CMakeFiles/nav2_send_goal.dir/all] Error 2
make: *** [Makefile:141: all] Error 2
