[0.013s] Invoking command in '/home/naka-lab/action_ws/build/action_tutorials_cpp': CMAKE_PREFIX_PATH=/home/naka-lab/action_ws/install/action_tutorials_interfaces:/home/naka-lab/action_ws/install/cpp_pubsub:/home/naka-lab/action_ws/install/action_tutorials_cpp:/home/naka-lab/turtlebot3_ws/install/turtlebot3_simulations:/home/naka-lab/turtlebot3_ws/install/turtlebot3_gazebo:/home/naka-lab/turtlebot3_ws/install/turtlebot3_fake_node:/opt/ros/foxy /usr/bin/cmake --build /home/naka-lab/action_ws/build/action_tutorials_cpp -- -j12 -l12
[0.038s] -- Found ament_cmake: 0.9.9 (/opt/ros/foxy/share/ament_cmake/cmake)
[0.059s] -- Using PYTHON_EXECUTABLE: /usr/bin/python3
[0.228s] -- Found action_tutorials_interfaces: 0.0.0 (/home/naka-lab/action_ws/install/action_tutorials_interfaces/share/action_tutorials_interfaces/cmake)
[0.248s] -- Using all available rosidl_typesupport_c: rosidl_typesupport_fastrtps_c;rosidl_typesupport_introspection_c
[0.251s] -- Found rosidl_adapter: 1.2.1 (/opt/ros/foxy/share/rosidl_adapter/cmake)
[0.368s] -- Using all available rosidl_typesupport_cpp: rosidl_typesupport_fastrtps_cpp;rosidl_typesupport_introspection_cpp
[1.173s] -- Found rclcpp: 2.4.1 (/opt/ros/foxy/share/rclcpp/cmake)
[1.208s] -- Found rmw_implementation_cmake: 1.0.3 (/opt/ros/foxy/share/rmw_implementation_cmake/cmake)
[1.209s] -- Using RMW implementation 'rmw_fastrtps_cpp' as default
[1.335s] -- Found rclcpp_action: 2.4.1 (/opt/ros/foxy/share/rclcpp_action/cmake)
[1.366s] -- Found rclcpp_components: 2.4.1 (/opt/ros/foxy/share/rclcpp_components/cmake)
[1.422s] -- Found ament_lint_auto: 0.9.6 (/opt/ros/foxy/share/ament_lint_auto/cmake)
[1.488s] -- Added test 'copyright' to check source files copyright and LICENSE
[1.489s] -- Added test 'cppcheck' to perform static code analysis on C / C++ code
[1.489s] -- Configured cppcheck include dirs: 
[1.489s] -- Configured cppcheck exclude dirs and/or files: 
[1.490s] -- Added test 'cpplint' to check C / C++ code against the Google style
[1.490s] -- Configured cpplint exclude dirs and/or files: 
[1.490s] -- Added test 'lint_cmake' to check CMake code style
[1.491s] -- Added test 'uncrustify' to check C / C++ code style
[1.491s] -- Configured uncrustify additional arguments: 
[1.492s] -- Added test 'xmllint' to check XML markup files
[1.496s] -- Configuring done
[1.505s] -- Generating done
[1.506s] -- Build files have been written to: /home/naka-lab/action_ws/build/action_tutorials_cpp
[1.555s] [ 50%] [32m[1mLinking CXX executable nav2_send_goal[0m
[1.733s] /usr/bin/ld: CMakeFiles/nav2_send_goal.dir/src/nav2_action_client.cpp.o: in function `Nav2Client::sendGoal()':
[1.733s] nav2_action_client.cpp:(.text._ZN10Nav2Client8sendGoalEv[_ZN10Nav2Client8sendGoalEv]+0x27f): undefined reference to `tx'
[1.733s] collect2: error: ld returned 1 exit status
[1.734s] make[2]: *** [CMakeFiles/nav2_send_goal.dir/build.make:158: nav2_send_goal] Error 1
[1.735s] make[1]: *** [CMakeFiles/Makefile2:78: CMakeFiles/nav2_send_goal.dir/all] Error 2
[1.735s] make: *** [Makefile:141: all] Error 2
[1.736s] Invoked command in '/home/naka-lab/action_ws/build/action_tutorials_cpp' returned '2': CMAKE_PREFIX_PATH=/home/naka-lab/action_ws/install/action_tutorials_interfaces:/home/naka-lab/action_ws/install/cpp_pubsub:/home/naka-lab/action_ws/install/action_tutorials_cpp:/home/naka-lab/turtlebot3_ws/install/turtlebot3_simulations:/home/naka-lab/turtlebot3_ws/install/turtlebot3_gazebo:/home/naka-lab/turtlebot3_ws/install/turtlebot3_fake_node:/opt/ros/foxy /usr/bin/cmake --build /home/naka-lab/action_ws/build/action_tutorials_cpp -- -j12 -l12
