[0.014s] Invoking command in '/home/naka-lab/action_ws/build/action_tutorials_interfaces': /usr/bin/cmake --build /home/naka-lab/action_ws/build/action_tutorials_interfaces -- -j12 -l12
[0.037s] -- Found ament_cmake: 0.9.9 (/opt/ros/foxy/share/ament_cmake/cmake)
[0.054s] -- Found PythonInterp: /usr/bin/python3 (found suitable version "3.8.10", minimum required is "3") 
[0.054s] -- Using PYTHON_EXECUTABLE: /usr/bin/python3
[0.195s] -- Found rosidl_default_generators: 1.0.1 (/opt/ros/foxy/share/rosidl_default_generators/cmake)
[0.197s] -- Using all available rosidl_typesupport_c: rosidl_typesupport_fastrtps_c;rosidl_typesupport_introspection_c
[0.199s] -- Found rosidl_adapter: 1.2.1 (/opt/ros/foxy/share/rosidl_adapter/cmake)
[0.312s] -- Using all available rosidl_typesupport_cpp: rosidl_typesupport_fastrtps_cpp;rosidl_typesupport_introspection_cpp
[0.332s] -- Found geometry_msgs: 2.0.4 (/opt/ros/foxy/share/geometry_msgs/cmake)
[0.411s] -- Found PythonInterp: /usr/bin/python3 (found version "3.8.10") 
[0.558s] Error parsing '/home/naka-lab/action_ws/src/action_tutorials_interfaces/package.xml':
[0.651s] Traceback (most recent call last):
[0.651s]   File "/opt/ros/foxy/share/ament_cmake_core/cmake/core/package_xml_2_cmake.py", line 143, in <module>
[0.651s]     main()
[0.651s]   File "/opt/ros/foxy/share/ament_cmake_core/cmake/core/package_xml_2_cmake.py", line 52, in main
[0.651s]     raise e
[0.651s]   File "/opt/ros/foxy/share/ament_cmake_core/cmake/core/package_xml_2_cmake.py", line 48, in main
[0.651s]     package = parse_package_string(
[0.651s]   File "/usr/lib/python3/dist-packages/catkin_pkg/package.py", line 772, in parse_package_string
[0.651s]     raise InvalidPackage('Error(s):%s' % (''.join(['\n- %s' % e for e in errors])), filename)
[0.651s] catkin_pkg.package.InvalidPackage: Error(s) in package '/home/naka-lab/action_ws/src/action_tutorials_interfaces/package.xml':
[0.651s] Error(s):
[0.651s] - The generic dependency on 'action_msgs' is redundant with: build_depend, build_export_depend, exec_depend
[0.667s] CMake Error at /opt/ros/foxy/share/ament_cmake_core/cmake/core/ament_package_xml.cmake:94 (message):
[0.667s]   execute_process(/usr/bin/python3
[0.667s]   /opt/ros/foxy/share/ament_cmake_core/cmake/core/package_xml_2_cmake.py
[0.667s]   /home/naka-lab/action_ws/src/action_tutorials_interfaces/package.xml
[0.667s]   /home/naka-lab/action_ws/build/action_tutorials_interfaces/ament_cmake_core/package.cmake)
[0.667s]   returned error code 1
[0.667s] Call Stack (most recent call first):
[0.667s]   /opt/ros/foxy/share/ament_cmake_core/cmake/core/ament_package_xml.cmake:49 (_ament_package_xml)
[0.667s]   /opt/ros/foxy/share/rosidl_cmake/cmake/rosidl_generate_interfaces.cmake:226 (ament_package_xml)
[0.667s]   CMakeLists.txt:29 (rosidl_generate_interfaces)
[0.667s] 
[0.667s] 
[0.668s] -- Configuring incomplete, errors occurred!
[0.668s] See also "/home/naka-lab/action_ws/build/action_tutorials_interfaces/CMakeFiles/CMakeOutput.log".
[0.672s] make: *** [Makefile:748: cmake_check_build_system] Error 1
[0.674s] Invoked command in '/home/naka-lab/action_ws/build/action_tutorials_interfaces' returned '2': /usr/bin/cmake --build /home/naka-lab/action_ws/build/action_tutorials_interfaces -- -j12 -l12
