[01m[K/home/naka-lab/action_ws/src/action_tutorials_cpp/src/nav2_action_client.cpp:15:26:[m[K [01;31m[Kerror: [m[Kâ€˜[01m[Kaction_tutorials_interfaces[m[Kâ€™ does not name a type
   15 |   using NavigateToPose = [01;31m[Kaction_tutorials_interfaces[m[K::action::NavigateToPose;
      |                          [01;31m[K^~~~~~~~~~~~~~~~~~~~~~~~~~~[m[K
[01m[K/home/naka-lab/action_ws/src/action_tutorials_cpp/src/nav2_action_client.cpp:16:68:[m[K [01;31m[Kerror: [m[Kâ€˜[01m[KNavigateToPose[m[Kâ€™ was not declared in this scope; did you mean â€˜[01m[Knav2_msgs::action::NavigateToPose[m[Kâ€™?
   16 |   using GoalHandleNavigateToPose = rclcpp_action::ClientGoalHandle<[01;31m[KNavigateToPose[m[K>;
      |                                                                    [01;31m[K^~~~~~~~~~~~~~[m[K
      |                                                                    [32m[Knav2_msgs::action::NavigateToPose[m[K
In file included from [01m[K/opt/ros/foxy/include/nav2_msgs/action/navigate_to_pose.hpp:7[m[K,
                 from [01m[K/home/naka-lab/action_ws/src/action_tutorials_cpp/src/nav2_action_client.cpp:5[m[K:
[01m[K/opt/ros/foxy/include/nav2_msgs/action/detail/navigate_to_pose__struct.hpp:1119:31:[m[K [01;36m[Knote: [m[Kâ€˜[01m[Knav2_msgs::action::NavigateToPose[m[Kâ€™ declared here
 1119 | typedef struct NavigateToPose [01;36m[KNavigateToPose[m[K;
      |                               [01;36m[K^~~~~~~~~~~~~~[m[K
[01m[K/home/naka-lab/action_ws/src/action_tutorials_cpp/src/nav2_action_client.cpp:16:82:[m[K [01;31m[Kerror: [m[Ktemplate argument 1 is invalid
   16 |   using GoalHandleNavigateToPose = rclcpp_action::ClientGoalHandle<NavigateToPose[01;31m[K>[m[K;
      |                                                                                  [01;31m[K^[m[K
[01m[K/home/naka-lab/action_ws/src/action_tutorials_cpp/src/nav2_action_client.cpp:17:25:[m[K [01;31m[Kerror: [m[Kâ€˜[01m[KNavigateToPose[m[Kâ€™ was not declared in this scope; did you mean â€˜[01m[Knav2_msgs::action::NavigateToPose[m[Kâ€™?
   17 |   rclcpp_action::Client<[01;31m[KNavigateToPose[m[K>::SharedPtr client_ptr_;
      |                         [01;31m[K^~~~~~~~~~~~~~[m[K
      |                         [32m[Knav2_msgs::action::NavigateToPose[m[K
In file included from [01m[K/opt/ros/foxy/include/nav2_msgs/action/navigate_to_pose.hpp:7[m[K,
                 from [01m[K/home/naka-lab/action_ws/src/action_tutorials_cpp/src/nav2_action_client.cpp:5[m[K:
[01m[K/opt/ros/foxy/include/nav2_msgs/action/detail/navigate_to_pose__struct.hpp:1119:31:[m[K [01;36m[Knote: [m[Kâ€˜[01m[Knav2_msgs::action::NavigateToPose[m[Kâ€™ declared here
 1119 | typedef struct NavigateToPose [01;36m[KNavigateToPose[m[K;
      |                               [01;36m[K^~~~~~~~~~~~~~[m[K
[01m[K/home/naka-lab/action_ws/src/action_tutorials_cpp/src/nav2_action_client.cpp:17:39:[m[K [01;31m[Kerror: [m[Ktemplate argument 1 is invalid
   17 |   rclcpp_action::Client<NavigateToPose[01;31m[K>[m[K::SharedPtr client_ptr_;
      |                                       [01;31m[K^[m[K
[01m[K/home/naka-lab/action_ws/src/action_tutorials_cpp/src/nav2_action_client.cpp:17:42:[m[K [01;31m[Kerror: [m[Kexpected â€˜[01m[K;[m[Kâ€™ at end of member declaration
   17 |   rclcpp_action::Client<NavigateToPose>::[01;31m[KSharedPtr[m[K client_ptr_;
      |                                          [01;31m[K^~~~~~~~~[m[K
      |                                                   [32m[K;[m[K
[01m[K/home/naka-lab/action_ws/src/action_tutorials_cpp/src/nav2_action_client.cpp:17:52:[m[K [01;31m[Kerror: [m[Kâ€˜[01m[Kclient_ptr_[m[Kâ€™ does not name a type
   17 |   rclcpp_action::Client<NavigateToPose>::SharedPtr [01;31m[Kclient_ptr_[m[K;
      |                                                    [01;31m[K^~~~~~~~~~~[m[K
[01m[K/home/naka-lab/action_ws/src/action_tutorials_cpp/src/nav2_action_client.cpp:51:25:[m[K [01;31m[Kerror: [m[Kâ€˜[01m[KGoalHandleNavigateToPose[m[Kâ€™ has not been declared
   51 |   void feedbackCallback([01;31m[KGoalHandleNavigateToPose[m[K::SharedPtr,const std::shared_ptr<const NavigateToPose::Feedback> feedback)
      |                         [01;31m[K^~~~~~~~~~~~~~~~~~~~~~~~[m[K
[01m[K/home/naka-lab/action_ws/src/action_tutorials_cpp/src/nav2_action_client.cpp:51:103:[m[K [01;31m[Kerror: [m[KISO C++ forbids declaration of â€˜[01m[Ktype name[m[Kâ€™ with no type [[01;31m[K-fpermissive[m[K]
   51 |   void feedbackCallback(GoalHandleNavigateToPose::SharedPtr,const std::shared_ptr<const NavigateToPose[01;31m[K::[m[KFeedback> feedback)
      |                                                                                                       [01;31m[K^~[m[K
[01m[K/home/naka-lab/action_ws/src/action_tutorials_cpp/src/nav2_action_client.cpp:51:113:[m[K [01;31m[Kerror: [m[Ktemplate argument 1 is invalid
   51 |   void feedbackCallback(GoalHandleNavigateToPose::SharedPtr,const std::shared_ptr<const NavigateToPose::Feedback[01;31m[K>[m[K feedback)
      |                                                                                                                 [01;31m[K^[m[K
[01m[K/home/naka-lab/action_ws/src/action_tutorials_cpp/src/nav2_action_client.cpp:51:103:[m[K [01;31m[Kerror: [m[KISO C++ forbids declaration of â€˜[01m[Ktype name[m[Kâ€™ with no type [[01;31m[K-fpermissive[m[K]
   51 |   void feedbackCallback(GoalHandleNavigateToPose::SharedPtr,const std::shared_ptr<const NavigateToPose[01;31m[K::[m[KFeedback> feedback)
      |                                                                                                       [01;31m[K^~[m[K
[01m[K/home/naka-lab/action_ws/src/action_tutorials_cpp/src/nav2_action_client.cpp:51:113:[m[K [01;31m[Kerror: [m[Ktemplate argument 1 is invalid
   51 |   void feedbackCallback(GoalHandleNavigateToPose::SharedPtr,const std::shared_ptr<const NavigateToPose::Feedback[01;31m[K>[m[K feedback)
      |                                                                                                                 [01;31m[K^[m[K
[01m[K/home/naka-lab/action_ws/src/action_tutorials_cpp/src/nav2_action_client.cpp:51:103:[m[K [01;31m[Kerror: [m[KISO C++ forbids declaration of â€˜[01m[Ktype name[m[Kâ€™ with no type [[01;31m[K-fpermissive[m[K]
   51 |   void feedbackCallback(GoalHandleNavigateToPose::SharedPtr,const std::shared_ptr<const NavigateToPose[01;31m[K::[m[KFeedback> feedback)
      |                                                                                                       [01;31m[K^~[m[K
[01m[K/home/naka-lab/action_ws/src/action_tutorials_cpp/src/nav2_action_client.cpp:51:113:[m[K [01;31m[Kerror: [m[Ktemplate argument 1 is invalid
   51 |   void feedbackCallback(GoalHandleNavigateToPose::SharedPtr,const std::shared_ptr<const NavigateToPose::Feedback[01;31m[K>[m[K feedback)
      |                                                                                                                 [01;31m[K^[m[K
[01m[K/home/naka-lab/action_ws/src/action_tutorials_cpp/src/nav2_action_client.cpp:51:103:[m[K [01;31m[Kerror: [m[KISO C++ forbids declaration of â€˜[01m[Ktype name[m[Kâ€™ with no type [[01;31m[K-fpermissive[m[K]
   51 |   void feedbackCallback(GoalHandleNavigateToPose::SharedPtr,const std::shared_ptr<const NavigateToPose[01;31m[K::[m[KFeedback> feedback)
      |                                                                                                       [01;31m[K^~[m[K
[01m[K/home/naka-lab/action_ws/src/action_tutorials_cpp/src/nav2_action_client.cpp:51:113:[m[K [01;31m[Kerror: [m[Ktemplate argument 1 is invalid
   51 |   void feedbackCallback(GoalHandleNavigateToPose::SharedPtr,const std::shared_ptr<const NavigateToPose::Feedback[01;31m[K>[m[K feedback)
      |                                                                                                                 [01;31m[K^[m[K
[01m[K/home/naka-lab/action_ws/src/action_tutorials_cpp/src/nav2_action_client.cpp:51:103:[m[K [01;31m[Kerror: [m[KISO C++ forbids declaration of â€˜[01m[Ktype name[m[Kâ€™ with no type [[01;31m[K-fpermissive[m[K]
   51 |   void feedbackCallback(GoalHandleNavigateToPose::SharedPtr,const std::shared_ptr<const NavigateToPose[01;31m[K::[m[KFeedback> feedback)
      |                                                                                                       [01;31m[K^~[m[K
[01m[K/home/naka-lab/action_ws/src/action_tutorials_cpp/src/nav2_action_client.cpp:51:113:[m[K [01;31m[Kerror: [m[Ktemplate argument 1 is invalid
   51 |   void feedbackCallback(GoalHandleNavigateToPose::SharedPtr,const std::shared_ptr<const NavigateToPose::Feedback[01;31m[K>[m[K feedback)
      |                                                                                                                 [01;31m[K^[m[K
[01m[K/home/naka-lab/action_ws/src/action_tutorials_cpp/src/nav2_action_client.cpp:51:67:[m[K [01;31m[Kerror: [m[Kinvalid use of template-name â€˜[01m[Kstd::shared_ptr[m[Kâ€™ without an argument list
   51 |   void feedbackCallback(GoalHandleNavigateToPose::SharedPtr,const [01;31m[Kstd[m[K::shared_ptr<const NavigateToPose::Feedback> feedback)
      |                                                                   [01;31m[K^~~[m[K
[01m[K/home/naka-lab/action_ws/src/action_tutorials_cpp/src/nav2_action_client.cpp:51:67:[m[K [01;36m[Knote: [m[Kclass template argument deduction is only available with â€˜[01m[K-std=c++17[m[Kâ€™ or â€˜[01m[K-std=gnu++17[m[Kâ€™
In file included from [01m[K/usr/include/c++/9/bits/shared_ptr.h:52[m[K,
                 from [01m[K/usr/include/c++/9/memory:81[m[K,
                 from [01m[K/home/naka-lab/action_ws/src/action_tutorials_cpp/src/nav2_action_client.cpp:1[m[K:
[01m[K/usr/include/c++/9/bits/shared_ptr_base.h:348:11:[m[K [01;36m[Knote: [m[Kâ€˜[01m[Ktemplate<class _Tp> class std::shared_ptr[m[Kâ€™ declared here
  348 |     class [01;36m[Kshared_ptr[m[K;
      |           [01;36m[K^~~~~~~~~~[m[K
[01m[K/home/naka-lab/action_ws/src/action_tutorials_cpp/src/nav2_action_client.cpp:51:82:[m[K [01;31m[Kerror: [m[Kexpected â€˜[01m[K,[m[Kâ€™ or â€˜[01m[K...[m[Kâ€™ before â€˜[01m[K<[m[Kâ€™ token
   51 |   void feedbackCallback(GoalHandleNavigateToPose::SharedPtr,const std::shared_ptr[01;31m[K<[m[Kconst NavigateToPose::Feedback> feedback)
      |                                                                                  [01;31m[K^[m[K
[01m[K/home/naka-lab/action_ws/src/action_tutorials_cpp/src/nav2_action_client.cpp:56:29:[m[K [01;31m[Kerror: [m[Kâ€˜[01m[KGoalHandleNavigateToPose[m[Kâ€™ does not name a type
   56 |   void resultCallback(const [01;31m[KGoalHandleNavigateToPose[m[K::WrappedResult & result)
      |                             [01;31m[K^~~~~~~~~~~~~~~~~~~~~~~~[m[K
[01m[K/home/naka-lab/action_ws/src/action_tutorials_cpp/src/nav2_action_client.cpp:56:69:[m[K [01;31m[Kerror: [m[Kexpected unqualified-id before â€˜[01m[K&[m[Kâ€™ token
   56 |   void resultCallback(const GoalHandleNavigateToPose::WrappedResult [01;31m[K&[m[K result)
      |                                                                     [01;31m[K^[m[K
[01m[K/home/naka-lab/action_ws/src/action_tutorials_cpp/src/nav2_action_client.cpp:56:68:[m[K [01;31m[Kerror: [m[Kexpected â€˜[01m[K)[m[Kâ€™ before â€˜[01m[K&[m[Kâ€™ token
   56 |   void resultCallback[34m[K([m[Kconst GoalHandleNavigateToPose::WrappedResult[01;31m[K [m[K[32m[K&[m[K result)
      |                      [34m[K~[m[K                                             [01;31m[K^[m[K[32m[K~[m[K
      |                                                                    [32m[K)[m[K
[01m[K/home/naka-lab/action_ws/src/action_tutorials_cpp/src/nav2_action_client.cpp:56:69:[m[K [01;31m[Kerror: [m[Kexpected â€˜[01m[K;[m[Kâ€™ at end of member declaration
   56 |   void resultCallback(const GoalHandleNavigateToPose::WrappedResult [01;31m[K&[m[K result)
      |                                                                     [01;31m[K^[m[K
      |                                                                      [32m[K;[m[K
[01m[K/home/naka-lab/action_ws/src/action_tutorials_cpp/src/nav2_action_client.cpp:56:71:[m[K [01;31m[Kerror: [m[Kâ€˜[01m[Kresult[m[Kâ€™ does not name a type
   56 |   void resultCallback(const GoalHandleNavigateToPose::WrappedResult & [01;31m[Kresult[m[K)
      |                                                                       [01;31m[K^~~~~~[m[K
[01m[K/home/naka-lab/action_ws/src/action_tutorials_cpp/src/nav2_action_client.cpp:[m[K In constructor â€˜[01m[KNav2Client::Nav2Client()[m[Kâ€™:
[01m[K/home/naka-lab/action_ws/src/action_tutorials_cpp/src/nav2_action_client.cpp:22:11:[m[K [01;31m[Kerror: [m[Kâ€˜[01m[Kclass Nav2Client[m[Kâ€™ has no member named â€˜[01m[Kclient_ptr_[m[Kâ€™
   22 |     this->[01;31m[Kclient_ptr_[m[K  = rclcpp_action::create_client<NavigateToPose>(this, "navigate_to_pose");
      |           [01;31m[K^~~~~~~~~~~[m[K
[01m[K/home/naka-lab/action_ws/src/action_tutorials_cpp/src/nav2_action_client.cpp:22:55:[m[K [01;31m[Kerror: [m[Kâ€˜[01m[KNavigateToPose[m[Kâ€™ was not declared in this scope; did you mean â€˜[01m[Knav2_msgs::action::NavigateToPose[m[Kâ€™?
   22 |     this->client_ptr_  = rclcpp_action::create_client<[01;31m[KNavigateToPose[m[K>(this, "navigate_to_pose");
      |                                                       [01;31m[K^~~~~~~~~~~~~~[m[K
      |                                                       [32m[Knav2_msgs::action::NavigateToPose[m[K
In file included from [01m[K/opt/ros/foxy/include/nav2_msgs/action/navigate_to_pose.hpp:7[m[K,
                 from [01m[K/home/naka-lab/action_ws/src/action_tutorials_cpp/src/nav2_action_client.cpp:5[m[K:
[01m[K/opt/ros/foxy/include/nav2_msgs/action/detail/navigate_to_pose__struct.hpp:1119:31:[m[K [01;36m[Knote: [m[Kâ€˜[01m[Knav2_msgs::action::NavigateToPose[m[Kâ€™ declared here
 1119 | typedef struct NavigateToPose [01;36m[KNavigateToPose[m[K;
      |                               [01;36m[K^~~~~~~~~~~~~~[m[K
[01m[K/home/naka-lab/action_ws/src/action_tutorials_cpp/src/nav2_action_client.cpp:22:95:[m[K [01;31m[Kerror: [m[Kno matching function for call to â€˜[01m[Kcreate_client<<expression error> >(Nav2Client*, const char [17])[m[Kâ€™
   22 |     this->client_ptr_  = rclcpp_action::create_client<NavigateToPose>(this, "navigate_to_pose"[01;31m[K)[m[K;
      |                                                                                               [01;31m[K^[m[K
In file included from [01m[K/opt/ros/foxy/include/rclcpp_action/rclcpp_action.hpp:38[m[K,
                 from [01m[K/home/naka-lab/action_ws/src/action_tutorials_cpp/src/nav2_action_client.cpp:4[m[K:
[01m[K/opt/ros/foxy/include/rclcpp_action/create_client.hpp:43:1:[m[K [01;36m[Knote: [m[Kcandidate: â€˜[01m[Ktemplate<class ActionT> typename rclcpp_action::Client<ActionT>::SharedPtr rclcpp_action::create_client(rclcpp::node_interfaces::NodeBaseInterface::SharedPtr, rclcpp::node_interfaces::NodeGraphInterface::SharedPtr, rclcpp::node_interfaces::NodeLoggingInterface::SharedPtr, rclcpp::node_interfaces::NodeWaitablesInterface::SharedPtr, const string&, rclcpp::CallbackGroup::SharedPtr)[m[Kâ€™
   43 | [01;36m[Kcreate_client[m[K(
      | [01;36m[K^~~~~~~~~~~~~[m[K
[01m[K/opt/ros/foxy/include/rclcpp_action/create_client.hpp:43:1:[m[K [01;36m[Knote: [m[K  template argument deduction/substitution failed:
[01m[K/home/naka-lab/action_ws/src/action_tutorials_cpp/src/nav2_action_client.cpp:22:95:[m[K [01;31m[Kerror: [m[Ktemplate argument 1 is invalid
   22 |     this->client_ptr_  = rclcpp_action::create_client<NavigateToPose>(this, "navigate_to_pose"[01;31m[K)[m[K;
      |                                                                                               [01;31m[K^[m[K
In file included from [01m[K/opt/ros/foxy/include/rclcpp_action/rclcpp_action.hpp:38[m[K,
                 from [01m[K/home/naka-lab/action_ws/src/action_tutorials_cpp/src/nav2_action_client.cpp:4[m[K:
[01m[K/opt/ros/foxy/include/rclcpp_action/create_client.hpp:101:1:[m[K [01;36m[Knote: [m[Kcandidate: â€˜[01m[Ktemplate<class ActionT, class NodeT> typename rclcpp_action::Client<ActionT>::SharedPtr rclcpp_action::create_client(NodeT, const string&, rclcpp::CallbackGroup::SharedPtr)[m[Kâ€™
  101 | [01;36m[Kcreate_client[m[K(
      | [01;36m[K^~~~~~~~~~~~~[m[K
[01m[K/opt/ros/foxy/include/rclcpp_action/create_client.hpp:101:1:[m[K [01;36m[Knote: [m[K  template argument deduction/substitution failed:
[01m[K/home/naka-lab/action_ws/src/action_tutorials_cpp/src/nav2_action_client.cpp:22:95:[m[K [01;31m[Kerror: [m[Ktemplate argument 1 is invalid
   22 |     this->client_ptr_  = rclcpp_action::create_client<NavigateToPose>(this, "navigate_to_pose"[01;31m[K)[m[K;
      |                                                                                               [01;31m[K^[m[K
[01m[K/home/naka-lab/action_ws/src/action_tutorials_cpp/src/nav2_action_client.cpp:[m[K In member function â€˜[01m[Kvoid Nav2Client::sendGoal()[m[Kâ€™:
[01m[K/home/naka-lab/action_ws/src/action_tutorials_cpp/src/nav2_action_client.cpp:27:19:[m[K [01;31m[Kerror: [m[Kâ€˜[01m[Kclass Nav2Client[m[Kâ€™ has no member named â€˜[01m[Kclient_ptr_[m[Kâ€™
   27 |     while (!this->[01;31m[Kclient_ptr_[m[K->wait_for_action_server()) {
      |                   [01;31m[K^~~~~~~~~~~[m[K
[01m[K/home/naka-lab/action_ws/src/action_tutorials_cpp/src/nav2_action_client.cpp:32:21:[m[K [01;31m[Kerror: [m[Kâ€˜[01m[KNavigateToPose[m[Kâ€™ has not been declared
   32 |     auto goal_msg = [01;31m[KNavigateToPose[m[K::Goal();
      |                     [01;31m[K^~~~~~~~~~~~~~[m[K
[01m[K/home/naka-lab/action_ws/src/action_tutorials_cpp/src/nav2_action_client.cpp:44:52:[m[K [01;31m[Kerror: [m[Kâ€˜[01m[KNavigateToPose[m[Kâ€™ was not declared in this scope; did you mean â€˜[01m[Knav2_msgs::action::NavigateToPose[m[Kâ€™?
   44 |     auto send_goal_options = rclcpp_action::Client<[01;31m[KNavigateToPose[m[K>::SendGoalOptions();
      |                                                    [01;31m[K^~~~~~~~~~~~~~[m[K
      |                                                    [32m[Knav2_msgs::action::NavigateToPose[m[K
In file included from [01m[K/opt/ros/foxy/include/nav2_msgs/action/navigate_to_pose.hpp:7[m[K,
                 from [01m[K/home/naka-lab/action_ws/src/action_tutorials_cpp/src/nav2_action_client.cpp:5[m[K:
[01m[K/opt/ros/foxy/include/nav2_msgs/action/detail/navigate_to_pose__struct.hpp:1119:31:[m[K [01;36m[Knote: [m[Kâ€˜[01m[Knav2_msgs::action::NavigateToPose[m[Kâ€™ declared here
 1119 | typedef struct NavigateToPose [01;36m[KNavigateToPose[m[K;
      |                               [01;36m[K^~~~~~~~~~~~~~[m[K
[01m[K/home/naka-lab/action_ws/src/action_tutorials_cpp/src/nav2_action_client.cpp:44:66:[m[K [01;31m[Kerror: [m[Ktemplate argument 1 is invalid
   44 |     auto send_goal_options = rclcpp_action::Client<NavigateToPose[01;31m[K>[m[K::SendGoalOptions();
      |                                                                  [01;31m[K^[m[K
[01m[K/home/naka-lab/action_ws/src/action_tutorials_cpp/src/nav2_action_client.cpp:48:5:[m[K [01;31m[Kerror: [m[Kâ€˜[01m[Kclient_ptr_[m[Kâ€™ was not declared in this scope
   48 |     [01;31m[Kclient_ptr_[m[K->async_send_goal(goal_msg, send_goal_options);
      |     [01;31m[K^~~~~~~~~~~[m[K
In file included from [01m[K/opt/ros/foxy/include/rclcpp/client.hpp:40[m[K,
                 from [01m[K/opt/ros/foxy/include/rclcpp/callback_group.hpp:23[m[K,
                 from [01m[K/opt/ros/foxy/include/rclcpp/any_executable.hpp:20[m[K,
                 from [01m[K/opt/ros/foxy/include/rclcpp/memory_strategy.hpp:24[m[K,
                 from [01m[K/opt/ros/foxy/include/rclcpp/memory_strategies.hpp:18[m[K,
                 from [01m[K/opt/ros/foxy/include/rclcpp/executor_options.hpp:20[m[K,
                 from [01m[K/opt/ros/foxy/include/rclcpp/executor.hpp:33[m[K,
                 from [01m[K/opt/ros/foxy/include/rclcpp/executors/multi_threaded_executor.hpp:26[m[K,
                 from [01m[K/opt/ros/foxy/include/rclcpp/executors.hpp:21[m[K,
                 from [01m[K/opt/ros/foxy/include/rclcpp/rclcpp.hpp:146[m[K,
                 from [01m[K/home/naka-lab/action_ws/src/action_tutorials_cpp/src/nav2_action_client.cpp:3[m[K:
[01m[K/home/naka-lab/action_ws/src/action_tutorials_cpp/src/nav2_action_client.cpp:[m[K In member function â€˜[01m[Kvoid Nav2Client::feedbackCallback(int, int)[m[Kâ€™:
[01m[K/home/naka-lab/action_ws/src/action_tutorials_cpp/src/nav2_action_client.cpp:53:58:[m[K [01;31m[Kerror: [m[Kâ€˜[01m[Kfeedback[m[Kâ€™ was not declared in this scope
   53 |     RCLCPP_INFO(get_logger(), "Distance remaininf = %f", [01;31m[Kfeedback[m[K->distance_remaining);
      |                                                          [01;31m[K^~~~~~~~[m[K
[01m[K/home/naka-lab/action_ws/src/action_tutorials_cpp/src/nav2_action_client.cpp:51:51:[m[K [01;35m[Kwarning: [m[Kunused parameter â€˜[01m[KSharedPtr[m[Kâ€™ [[01;35m[K-Wunused-parameter[m[K]
   51 |   void feedbackCallback([01;35m[KGoalHandleNavigateToPose::SharedPtr[m[K,const std::shared_ptr<const NavigateToPose::Feedback> feedback)
      |                         [01;35m[K~~~~~~~~~~~~~~~~~~~~~~~~~~^~~~~~~~~[m[K
make[2]: *** [CMakeFiles/nav2_send_goal.dir/build.make:63: CMakeFiles/nav2_send_goal.dir/src/nav2_action_client.cpp.o] Error 1
make[1]: *** [CMakeFiles/Makefile2:78: CMakeFiles/nav2_send_goal.dir/all] Error 2
make: *** [Makefile:141: all] Error 2
